info: Server started at http://localhost:3000 {"timestamp":"2024-08-19T05:05:28.399Z"}
info: Connected to the database. {"timestamp":"2024-08-19T05:05:28.547Z"}
info: Connected to the database. {"timestamp":"2024-08-19T05:13:44.413Z"}
info: Connected to the database. {"timestamp":"2024-08-19T05:14:40.960Z"}
info: Connected to the database. {"timestamp":"2024-08-19T05:14:48.741Z"}
info: Connected to the database. {"timestamp":"2024-08-19T05:15:02.285Z"}
info: Connected to the database. {"timestamp":"2024-08-19T05:15:05.949Z"}
info: Connected to the database. {"timestamp":"2024-08-19T05:15:09.612Z"}
info: Connected to the database. {"timestamp":"2024-08-19T05:15:13.377Z"}
info: Connected to the database. {"timestamp":"2024-08-19T05:15:17.009Z"}
info: Connected to the database. {"timestamp":"2024-08-19T05:15:21.997Z"}
info: Connected to the database. {"timestamp":"2024-08-19T05:15:25.577Z"}
info: Connected to the database. {"timestamp":"2024-08-19T05:15:29.231Z"}
info: Connected to the database. {"timestamp":"2024-08-19T05:15:32.827Z"}
info: Connected to the database. {"timestamp":"2024-08-19T05:15:44.516Z"}
info: Connected to the database. {"timestamp":"2024-08-19T05:15:48.181Z"}
info: Connected to the database. {"timestamp":"2024-08-19T05:15:51.804Z"}
info: Connected to the database. {"timestamp":"2024-08-19T05:15:55.445Z"}
info: Connected to the database. {"timestamp":"2024-08-19T05:15:59.029Z"}
info: Connected to the database. {"timestamp":"2024-08-19T05:16:04.147Z"}
info: Connected to the database. {"timestamp":"2024-08-19T05:16:27.609Z"}
info: Connected to the database. {"timestamp":"2024-08-19T05:16:31.432Z"}
info: Connected to the database. {"timestamp":"2024-08-19T05:16:41.031Z"}
info: Connected to the database. {"timestamp":"2024-08-19T05:16:44.707Z"}
info: Connected to the database. {"timestamp":"2024-08-19T05:16:48.331Z"}
info: Connected to the database. {"timestamp":"2024-08-19T05:16:51.977Z"}
info: Server started at http://localhost:3000 {"timestamp":"2024-08-19T05:16:55.530Z"}
info: Connected to the database. {"timestamp":"2024-08-19T05:16:55.652Z"}
info: Connected to the database. {"timestamp":"2024-08-19T05:17:11.171Z"}
info: Connected to the database. {"timestamp":"2024-08-19T05:17:14.939Z"}
info: Server started at http://localhost:3000 {"timestamp":"2024-08-19T05:17:18.379Z"}
info: Connected to the database. {"timestamp":"2024-08-19T05:17:18.488Z"}
info: Server started at http://localhost:3000 {"timestamp":"2024-08-19T05:17:20.569Z"}
info: Connected to the database. {"timestamp":"2024-08-19T05:17:20.676Z"}
info: Server started at http://localhost:3000 {"timestamp":"2024-08-19T05:17:21.734Z"}
info: Connected to the database. {"timestamp":"2024-08-19T05:17:21.850Z"}
info: Server started at http://localhost:3000 {"timestamp":"2024-08-19T05:17:24.624Z"}
info: Connected to the database. {"timestamp":"2024-08-19T05:17:24.851Z"}
info: Server started at http://localhost:3000 {"timestamp":"2024-08-19T05:17:29.813Z"}
info: Connected to the database. {"timestamp":"2024-08-19T05:17:29.922Z"}
info: Server started at http://localhost:3000 {"timestamp":"2024-08-19T05:17:32.495Z"}
info: Connected to the database. {"timestamp":"2024-08-19T05:17:32.601Z"}
info: Server started at http://localhost:3000 {"timestamp":"2024-08-19T05:17:43.722Z"}
info: Connected to the database. {"timestamp":"2024-08-19T05:17:43.841Z"}
info: Server started at http://localhost:3000 {"timestamp":"2024-08-19T05:17:55.614Z"}
info: Connected to the database. {"timestamp":"2024-08-19T05:17:55.726Z"}
info: Server started at http://localhost:3000 {"timestamp":"2024-08-19T05:17:58.933Z"}
info: Connected to the database. {"timestamp":"2024-08-19T05:17:59.055Z"}
info: Server started at http://localhost:3000 {"timestamp":"2024-08-19T05:18:02.703Z"}
info: Connected to the database. {"timestamp":"2024-08-19T05:18:02.822Z"}
info: Connected to the database. {"timestamp":"2024-08-19T05:18:05.769Z"}
info: Server started at http://localhost:3000 {"timestamp":"2024-08-19T05:18:09.220Z"}
info: Connected to the database. {"timestamp":"2024-08-19T05:18:10.043Z"}
info: Server started at http://localhost:3000 {"timestamp":"2024-08-19T05:18:16.085Z"}
info: Connected to the database. {"timestamp":"2024-08-19T05:18:16.189Z"}
info: Server started at http://localhost:3000 {"timestamp":"2024-08-19T05:18:17.130Z"}
info: Connected to the database. {"timestamp":"2024-08-19T05:18:17.343Z"}
error: 
    status - 500 
    message - Error: WHERE parameter "bookId" has invalid "undefined" value
    at PostgresQueryGenerator.whereItemQuery (C:\Users\Vishal\Documents\BridgeLabz\BookStore2\bookStore\node_modules\sequelize\src\dialects\abstract\query-generator.js:2445:13)
    at C:\Users\Vishal\Documents\BridgeLabz\BookStore2\bookStore\node_modules\sequelize\src\dialects\abstract\query-generator.js:2434:25
    at Array.forEach (<anonymous>)
    at PostgresQueryGenerator.whereItemsQuery (C:\Users\Vishal\Documents\BridgeLabz\BookStore2\bookStore\node_modules\sequelize\src\dialects\abstract\query-generator.js:2432:35)
    at PostgresQueryGenerator.getWhereConditions (C:\Users\Vishal\Documents\BridgeLabz\BookStore2\bookStore\node_modules\sequelize\src\dialects\abstract\query-generator.js:2860:19)
    at PostgresQueryGenerator.selectQuery (C:\Users\Vishal\Documents\BridgeLabz\BookStore2\bookStore\node_modules\sequelize\src\dialects\abstract\query-generator.js:1460:28)
    at PostgresQueryInterface.select (C:\Users\Vishal\Documents\BridgeLabz\BookStore2\bookStore\node_modules\sequelize\src\dialects\abstract\query-interface.js:1002:27)
    at Function.findAll (C:\Users\Vishal\Documents\BridgeLabz\BookStore2\bookStore\node_modules\sequelize\src\model.js:1824:47)
    at processTicksAndRejections (node:internal/process/task_queues:95:5)
    at Function.findOne (C:\Users\Vishal\Documents\BridgeLabz\BookStore2\bookStore\node_modules\sequelize\src\model.js:1998:12) 
    url - /cart/addToCart/1/2 
    method - POST 
    IP - ::1
   {"timestamp":"2024-08-19T05:19:45.677Z"}
error: 
    status - 500 
    message - Error: WHERE parameter "bookId" has invalid "undefined" value
    at PostgresQueryGenerator.whereItemQuery (C:\Users\Vishal\Documents\BridgeLabz\BookStore2\bookStore\node_modules\sequelize\src\dialects\abstract\query-generator.js:2445:13)
    at C:\Users\Vishal\Documents\BridgeLabz\BookStore2\bookStore\node_modules\sequelize\src\dialects\abstract\query-generator.js:2434:25
    at Array.forEach (<anonymous>)
    at PostgresQueryGenerator.whereItemsQuery (C:\Users\Vishal\Documents\BridgeLabz\BookStore2\bookStore\node_modules\sequelize\src\dialects\abstract\query-generator.js:2432:35)
    at PostgresQueryGenerator.getWhereConditions (C:\Users\Vishal\Documents\BridgeLabz\BookStore2\bookStore\node_modules\sequelize\src\dialects\abstract\query-generator.js:2860:19)
    at PostgresQueryGenerator.selectQuery (C:\Users\Vishal\Documents\BridgeLabz\BookStore2\bookStore\node_modules\sequelize\src\dialects\abstract\query-generator.js:1460:28)
    at PostgresQueryInterface.select (C:\Users\Vishal\Documents\BridgeLabz\BookStore2\bookStore\node_modules\sequelize\src\dialects\abstract\query-interface.js:1002:27)
    at Function.findAll (C:\Users\Vishal\Documents\BridgeLabz\BookStore2\bookStore\node_modules\sequelize\src\model.js:1824:47)
    at processTicksAndRejections (node:internal/process/task_queues:95:5)
    at Function.findOne (C:\Users\Vishal\Documents\BridgeLabz\BookStore2\bookStore\node_modules\sequelize\src\model.js:1998:12) 
    url - /cart/addToCart/2/2 
    method - POST 
    IP - ::1
   {"timestamp":"2024-08-19T05:20:38.397Z"}
info: Server started at http://localhost:3000 {"timestamp":"2024-08-19T05:21:41.006Z"}
info: Connected to the database. {"timestamp":"2024-08-19T05:21:41.128Z"}
info: Server started at http://localhost:3000 {"timestamp":"2024-08-19T05:21:45.436Z"}
info: Connected to the database. {"timestamp":"2024-08-19T05:21:45.591Z"}
info: Server started at http://localhost:3000 {"timestamp":"2024-08-19T05:21:47.130Z"}
info: Connected to the database. {"timestamp":"2024-08-19T05:21:47.248Z"}
info: Server started at http://localhost:3000 {"timestamp":"2024-08-19T05:21:59.409Z"}
info: Connected to the database. {"timestamp":"2024-08-19T05:21:59.638Z"}
info: Server started at http://localhost:3000 {"timestamp":"2024-08-19T05:22:03.774Z"}
info: Connected to the database. {"timestamp":"2024-08-19T05:22:03.903Z"}
info: Server started at http://localhost:3000 {"timestamp":"2024-08-19T05:22:08.544Z"}
info: Connected to the database. {"timestamp":"2024-08-19T05:22:08.697Z"}
info: Server started at http://localhost:3000 {"timestamp":"2024-08-19T05:22:10.943Z"}
info: Connected to the database. {"timestamp":"2024-08-19T05:22:11.049Z"}
error: 
    status - 500 
    message - Error: WHERE parameter "bookId" has invalid "undefined" value
    at PostgresQueryGenerator.whereItemQuery (C:\Users\Vishal\Documents\BridgeLabz\BookStore2\bookStore\node_modules\sequelize\src\dialects\abstract\query-generator.js:2445:13)
    at C:\Users\Vishal\Documents\BridgeLabz\BookStore2\bookStore\node_modules\sequelize\src\dialects\abstract\query-generator.js:2434:25
    at Array.forEach (<anonymous>)
    at PostgresQueryGenerator.whereItemsQuery (C:\Users\Vishal\Documents\BridgeLabz\BookStore2\bookStore\node_modules\sequelize\src\dialects\abstract\query-generator.js:2432:35)
    at PostgresQueryGenerator.getWhereConditions (C:\Users\Vishal\Documents\BridgeLabz\BookStore2\bookStore\node_modules\sequelize\src\dialects\abstract\query-generator.js:2860:19)
    at PostgresQueryGenerator.selectQuery (C:\Users\Vishal\Documents\BridgeLabz\BookStore2\bookStore\node_modules\sequelize\src\dialects\abstract\query-generator.js:1460:28)
    at PostgresQueryInterface.select (C:\Users\Vishal\Documents\BridgeLabz\BookStore2\bookStore\node_modules\sequelize\src\dialects\abstract\query-interface.js:1002:27)
    at Function.findAll (C:\Users\Vishal\Documents\BridgeLabz\BookStore2\bookStore\node_modules\sequelize\src\model.js:1824:47)
    at processTicksAndRejections (node:internal/process/task_queues:95:5)
    at Function.findOne (C:\Users\Vishal\Documents\BridgeLabz\BookStore2\bookStore\node_modules\sequelize\src\model.js:1998:12) 
    url - /cart/addToCart/2/2 
    method - POST 
    IP - ::1
   {"timestamp":"2024-08-19T05:22:21.173Z"}
info: Connected to the database. {"timestamp":"2024-08-19T05:22:32.873Z"}
info: Server started at http://localhost:3000 {"timestamp":"2024-08-19T05:22:36.425Z"}
info: Connected to the database. {"timestamp":"2024-08-19T05:22:36.547Z"}
error: 
    status - 500 
    message - Error: WHERE parameter "bookId" has invalid "undefined" value
    at PostgresQueryGenerator.whereItemQuery (C:\Users\Vishal\Documents\BridgeLabz\BookStore2\bookStore\node_modules\sequelize\src\dialects\abstract\query-generator.js:2445:13)
    at C:\Users\Vishal\Documents\BridgeLabz\BookStore2\bookStore\node_modules\sequelize\src\dialects\abstract\query-generator.js:2434:25
    at Array.forEach (<anonymous>)
    at PostgresQueryGenerator.whereItemsQuery (C:\Users\Vishal\Documents\BridgeLabz\BookStore2\bookStore\node_modules\sequelize\src\dialects\abstract\query-generator.js:2432:35)
    at PostgresQueryGenerator.getWhereConditions (C:\Users\Vishal\Documents\BridgeLabz\BookStore2\bookStore\node_modules\sequelize\src\dialects\abstract\query-generator.js:2860:19)
    at PostgresQueryGenerator.selectQuery (C:\Users\Vishal\Documents\BridgeLabz\BookStore2\bookStore\node_modules\sequelize\src\dialects\abstract\query-generator.js:1460:28)
    at PostgresQueryInterface.select (C:\Users\Vishal\Documents\BridgeLabz\BookStore2\bookStore\node_modules\sequelize\src\dialects\abstract\query-interface.js:1002:27)
    at Function.findAll (C:\Users\Vishal\Documents\BridgeLabz\BookStore2\bookStore\node_modules\sequelize\src\model.js:1824:47)
    at processTicksAndRejections (node:internal/process/task_queues:95:5)
    at Function.findOne (C:\Users\Vishal\Documents\BridgeLabz\BookStore2\bookStore\node_modules\sequelize\src\model.js:1998:12) 
    url - /cart/addToCart/2/2 
    method - POST 
    IP - ::1
   {"timestamp":"2024-08-19T05:22:40.199Z"}
info: Server started at http://localhost:3000 {"timestamp":"2024-08-19T05:24:42.979Z"}
info: Connected to the database. {"timestamp":"2024-08-19T05:24:43.099Z"}
info: Server started at http://localhost:3000 {"timestamp":"2024-08-19T05:26:29.918Z"}
info: Connected to the database. {"timestamp":"2024-08-19T05:26:30.045Z"}
info: Connected to the database. {"timestamp":"2024-08-19T05:26:40.059Z"}
info: Server started at http://localhost:3000 {"timestamp":"2024-08-19T05:26:43.661Z"}
info: Connected to the database. {"timestamp":"2024-08-19T05:26:43.874Z"}
info: Connected to the database. {"timestamp":"2024-08-19T05:32:23.251Z"}
info: Connected to the database. {"timestamp":"2024-08-19T05:32:28.158Z"}
info: Connected to the database. {"timestamp":"2024-08-19T05:32:32.283Z"}
info: Connected to the database. {"timestamp":"2024-08-19T05:32:46.223Z"}
info: Connected to the database. {"timestamp":"2024-08-19T05:32:49.901Z"}
info: Connected to the database. {"timestamp":"2024-08-19T05:32:53.741Z"}
info: Server started at http://localhost:3000 {"timestamp":"2024-08-19T05:33:13.258Z"}
info: Connected to the database. {"timestamp":"2024-08-19T05:33:13.383Z"}
info: Server started at http://localhost:3000 {"timestamp":"2024-08-19T05:33:16.022Z"}
info: Connected to the database. {"timestamp":"2024-08-19T05:33:16.128Z"}
info: Server started at http://localhost:3000 {"timestamp":"2024-08-19T05:33:23.362Z"}
info: Connected to the database. {"timestamp":"2024-08-19T05:33:23.496Z"}
info: Server started at http://localhost:3000 {"timestamp":"2024-08-19T05:33:25.738Z"}
info: Connected to the database. {"timestamp":"2024-08-19T05:33:25.847Z"}
info: Server started at http://localhost:3000 {"timestamp":"2024-08-19T05:34:35.298Z"}
info: Connected to the database. {"timestamp":"2024-08-19T05:34:35.415Z"}
info: Server started at http://localhost:3000 {"timestamp":"2024-08-19T05:34:42.900Z"}
info: Connected to the database. {"timestamp":"2024-08-19T05:34:43.021Z"}
info: Server started at http://localhost:3000 {"timestamp":"2024-08-19T05:34:49.892Z"}
info: Connected to the database. {"timestamp":"2024-08-19T05:34:50.014Z"}
info: Server started at http://localhost:3000 {"timestamp":"2024-08-19T05:35:08.393Z"}
info: Connected to the database. {"timestamp":"2024-08-19T05:35:08.506Z"}
info: Connected to the database. {"timestamp":"2024-08-19T05:35:13.408Z"}
info: Connected to the database. {"timestamp":"2024-08-19T05:35:17.090Z"}
info: Connected to the database. {"timestamp":"2024-08-19T05:35:35.301Z"}
info: Connected to the database. {"timestamp":"2024-08-19T05:35:39.043Z"}
info: Server started at http://localhost:3000 {"timestamp":"2024-08-19T05:35:42.581Z"}
info: Connected to the database. {"timestamp":"2024-08-19T05:35:42.683Z"}
info: Server started at http://localhost:3000 {"timestamp":"2024-08-19T05:36:18.374Z"}
info: Connected to the database. {"timestamp":"2024-08-19T05:36:18.501Z"}
info: Server started at http://localhost:3000 {"timestamp":"2024-08-19T05:36:21.979Z"}
info: Connected to the database. {"timestamp":"2024-08-19T05:36:22.101Z"}
error: 
    status - 500 
    message - JsonWebTokenError: invalid token
    at Object.module.exports [as verify] (C:\Users\Vishal\Documents\BridgeLabz\BookStore2\bookStore\node_modules\jsonwebtoken\verify.js:75:17)
    at C:\Users\Vishal\Documents\BridgeLabz\BookStore2\bookStore\src\middlewares\auth.middleware.ts:32:41
    at Generator.next (<anonymous>)
    at C:\Users\Vishal\Documents\BridgeLabz\BookStore2\bookStore\src\middlewares\auth.middleware.ts:8:71
    at new Promise (<anonymous>)
    at __awaiter (C:\Users\Vishal\Documents\BridgeLabz\BookStore2\bookStore\src\middlewares\auth.middleware.ts:4:12)
    at userAuth (C:\Users\Vishal\Documents\BridgeLabz\BookStore2\bookStore\src\middlewares\auth.middleware.ts:20:20)
    at Layer.handle [as handle_request] (C:\Users\Vishal\Documents\BridgeLabz\BookStore2\bookStore\node_modules\express\lib\router\layer.js:95:5)
    at next (C:\Users\Vishal\Documents\BridgeLabz\BookStore2\bookStore\node_modules\express\lib\router\route.js:149:13)
    at Route.dispatch (C:\Users\Vishal\Documents\BridgeLabz\BookStore2\bookStore\node_modules\express\lib\router\route.js:119:3) 
    url - /cart/addToCart/1/5 
    method - POST 
    IP - ::1
   {"timestamp":"2024-08-19T05:40:15.981Z"}
error: 
    status - 500 
    message - JsonWebTokenError: invalid token
    at Object.module.exports [as verify] (C:\Users\Vishal\Documents\BridgeLabz\BookStore2\bookStore\node_modules\jsonwebtoken\verify.js:75:17)
    at C:\Users\Vishal\Documents\BridgeLabz\BookStore2\bookStore\src\middlewares\auth.middleware.ts:32:41
    at Generator.next (<anonymous>)
    at C:\Users\Vishal\Documents\BridgeLabz\BookStore2\bookStore\src\middlewares\auth.middleware.ts:8:71
    at new Promise (<anonymous>)
    at __awaiter (C:\Users\Vishal\Documents\BridgeLabz\BookStore2\bookStore\src\middlewares\auth.middleware.ts:4:12)
    at userAuth (C:\Users\Vishal\Documents\BridgeLabz\BookStore2\bookStore\src\middlewares\auth.middleware.ts:20:20)
    at Layer.handle [as handle_request] (C:\Users\Vishal\Documents\BridgeLabz\BookStore2\bookStore\node_modules\express\lib\router\layer.js:95:5)
    at next (C:\Users\Vishal\Documents\BridgeLabz\BookStore2\bookStore\node_modules\express\lib\router\route.js:149:13)
    at Route.dispatch (C:\Users\Vishal\Documents\BridgeLabz\BookStore2\bookStore\node_modules\express\lib\router\route.js:119:3) 
    url - /cart/addToCart/1/5 
    method - POST 
    IP - ::1
   {"timestamp":"2024-08-19T05:40:36.246Z"}
info: Server started at http://localhost:3000 {"timestamp":"2024-08-19T05:41:15.370Z"}
info: Connected to the database. {"timestamp":"2024-08-19T05:41:15.473Z"}
info: Server started at http://localhost:3000 {"timestamp":"2024-08-19T05:41:32.648Z"}
info: Connected to the database. {"timestamp":"2024-08-19T05:41:32.878Z"}
info: Server started at http://localhost:3000 {"timestamp":"2024-08-19T05:41:35.133Z"}
info: Connected to the database. {"timestamp":"2024-08-19T05:41:35.244Z"}
error: 
    status - 500 
    message - JsonWebTokenError: invalid token
    at Object.module.exports [as verify] (C:\Users\Vishal\Documents\BridgeLabz\BookStore2\bookStore\node_modules\jsonwebtoken\verify.js:75:17)
    at C:\Users\Vishal\Documents\BridgeLabz\BookStore2\bookStore\src\middlewares\auth.middleware.ts:32:41
    at Generator.next (<anonymous>)
    at C:\Users\Vishal\Documents\BridgeLabz\BookStore2\bookStore\src\middlewares\auth.middleware.ts:8:71
    at new Promise (<anonymous>)
    at __awaiter (C:\Users\Vishal\Documents\BridgeLabz\BookStore2\bookStore\src\middlewares\auth.middleware.ts:4:12)
    at userAuth (C:\Users\Vishal\Documents\BridgeLabz\BookStore2\bookStore\src\middlewares\auth.middleware.ts:20:20)
    at Layer.handle [as handle_request] (C:\Users\Vishal\Documents\BridgeLabz\BookStore2\bookStore\node_modules\express\lib\router\layer.js:95:5)
    at next (C:\Users\Vishal\Documents\BridgeLabz\BookStore2\bookStore\node_modules\express\lib\router\route.js:149:13)
    at Route.dispatch (C:\Users\Vishal\Documents\BridgeLabz\BookStore2\bookStore\node_modules\express\lib\router\route.js:119:3) 
    url - /cart/addToCart/1/5 
    method - POST 
    IP - ::1
   {"timestamp":"2024-08-19T05:41:38.177Z"}
error: 
    status - 500 
    message - JsonWebTokenError: invalid token
    at Object.module.exports [as verify] (C:\Users\Vishal\Documents\BridgeLabz\BookStore2\bookStore\node_modules\jsonwebtoken\verify.js:75:17)
    at C:\Users\Vishal\Documents\BridgeLabz\BookStore2\bookStore\src\middlewares\auth.middleware.ts:32:41
    at Generator.next (<anonymous>)
    at C:\Users\Vishal\Documents\BridgeLabz\BookStore2\bookStore\src\middlewares\auth.middleware.ts:8:71
    at new Promise (<anonymous>)
    at __awaiter (C:\Users\Vishal\Documents\BridgeLabz\BookStore2\bookStore\src\middlewares\auth.middleware.ts:4:12)
    at userAuth (C:\Users\Vishal\Documents\BridgeLabz\BookStore2\bookStore\src\middlewares\auth.middleware.ts:20:20)
    at Layer.handle [as handle_request] (C:\Users\Vishal\Documents\BridgeLabz\BookStore2\bookStore\node_modules\express\lib\router\layer.js:95:5)
    at next (C:\Users\Vishal\Documents\BridgeLabz\BookStore2\bookStore\node_modules\express\lib\router\route.js:149:13)
    at Route.dispatch (C:\Users\Vishal\Documents\BridgeLabz\BookStore2\bookStore\node_modules\express\lib\router\route.js:119:3) 
    url - /cart/addToCart/1/2 
    method - POST 
    IP - ::1
   {"timestamp":"2024-08-19T05:42:14.497Z"}
error: 
    status - 500 
    message - TokenExpiredError: jwt expired
    at C:\Users\Vishal\Documents\BridgeLabz\BookStore2\bookStore\node_modules\jsonwebtoken\verify.js:152:21
    at getSecret (C:\Users\Vishal\Documents\BridgeLabz\BookStore2\bookStore\node_modules\jsonwebtoken\verify.js:90:14)
    at Object.module.exports [as verify] (C:\Users\Vishal\Documents\BridgeLabz\BookStore2\bookStore\node_modules\jsonwebtoken\verify.js:94:10)
    at C:\Users\Vishal\Documents\BridgeLabz\BookStore2\bookStore\src\middlewares\auth.middleware.ts:32:41
    at Generator.next (<anonymous>)
    at C:\Users\Vishal\Documents\BridgeLabz\BookStore2\bookStore\src\middlewares\auth.middleware.ts:8:71
    at new Promise (<anonymous>)
    at __awaiter (C:\Users\Vishal\Documents\BridgeLabz\BookStore2\bookStore\src\middlewares\auth.middleware.ts:4:12)
    at userAuth (C:\Users\Vishal\Documents\BridgeLabz\BookStore2\bookStore\src\middlewares\auth.middleware.ts:20:20)
    at Layer.handle [as handle_request] (C:\Users\Vishal\Documents\BridgeLabz\BookStore2\bookStore\node_modules\express\lib\router\layer.js:95:5) 
    url - /cart/ 
    method - GET 
    IP - ::1
   {"timestamp":"2024-08-19T05:44:32.696Z"}
info: Server started at http://localhost:3000 {"timestamp":"2024-08-19T05:46:30.976Z"}
info: Connected to the database. {"timestamp":"2024-08-19T05:46:31.102Z"}
info: Connected to the database. {"timestamp":"2024-08-19T05:46:33.228Z"}
info: Connected to the database. {"timestamp":"2024-08-19T05:46:36.851Z"}
info: Connected to the database. {"timestamp":"2024-08-19T05:46:41.623Z"}
info: Connected to the database. {"timestamp":"2024-08-19T05:46:45.254Z"}
info: Connected to the database. {"timestamp":"2024-08-19T05:46:52.975Z"}
info: Server started at http://localhost:3000 {"timestamp":"2024-08-19T05:46:56.586Z"}
info: Connected to the database. {"timestamp":"2024-08-19T05:46:56.704Z"}
info: Server started at http://localhost:3000 {"timestamp":"2024-08-19T05:46:59.484Z"}
info: Connected to the database. {"timestamp":"2024-08-19T05:46:59.594Z"}
info: Server started at http://localhost:3000 {"timestamp":"2024-08-19T05:47:02.398Z"}
info: Connected to the database. {"timestamp":"2024-08-19T05:47:02.521Z"}
info: Server started at http://localhost:3000 {"timestamp":"2024-08-19T05:55:06.266Z"}
info: Connected to the database. {"timestamp":"2024-08-19T05:55:06.485Z"}
info: Server started at http://localhost:3000 {"timestamp":"2024-08-19T05:55:07.453Z"}
info: Connected to the database. {"timestamp":"2024-08-19T05:55:07.579Z"}
info: Server started at http://localhost:3000 {"timestamp":"2024-08-19T05:55:10.013Z"}
info: Connected to the database. {"timestamp":"2024-08-19T05:55:10.134Z"}
info: Server started at http://localhost:3000 {"timestamp":"2024-08-19T05:55:16.720Z"}
info: Connected to the database. {"timestamp":"2024-08-19T05:55:16.842Z"}
info: Server started at http://localhost:3000 {"timestamp":"2024-08-19T05:55:19.152Z"}
info: Connected to the database. {"timestamp":"2024-08-19T05:55:19.266Z"}
info: Server started at http://localhost:3000 {"timestamp":"2024-08-19T05:55:21.473Z"}
info: Connected to the database. {"timestamp":"2024-08-19T05:55:21.584Z"}
info: Server started at http://localhost:3000 {"timestamp":"2024-08-19T05:55:26.348Z"}
info: Connected to the database. {"timestamp":"2024-08-19T05:55:26.462Z"}
info: Server started at http://localhost:3000 {"timestamp":"2024-08-19T05:57:10.928Z"}
info: Connected to the database. {"timestamp":"2024-08-19T05:57:11.095Z"}
info: Server started at http://localhost:3000 {"timestamp":"2024-08-19T05:57:17.944Z"}
info: Connected to the database. {"timestamp":"2024-08-19T05:57:18.170Z"}
info: Server started at http://localhost:3000 {"timestamp":"2024-08-19T05:57:23.786Z"}
info: Connected to the database. {"timestamp":"2024-08-19T05:57:23.906Z"}
info: Server started at http://localhost:3000 {"timestamp":"2024-08-19T06:04:10.714Z"}
info: Connected to the database. {"timestamp":"2024-08-19T06:04:10.837Z"}
info: Server started at http://localhost:3000 {"timestamp":"2024-08-19T06:04:11.924Z"}
info: Connected to the database. {"timestamp":"2024-08-19T06:04:12.057Z"}
info: Server started at http://localhost:3000 {"timestamp":"2024-08-19T06:04:17.680Z"}
info: Connected to the database. {"timestamp":"2024-08-19T06:04:17.799Z"}
info: Server started at http://localhost:3000 {"timestamp":"2024-08-19T06:04:37.831Z"}
info: Connected to the database. {"timestamp":"2024-08-19T06:04:37.943Z"}
info: Server started at http://localhost:3000 {"timestamp":"2024-08-19T06:05:34.155Z"}
info: Connected to the database. {"timestamp":"2024-08-19T06:05:34.298Z"}
info: Connected to the database. {"timestamp":"2024-08-19T06:05:36.001Z"}
info: Connected to the database. {"timestamp":"2024-08-19T06:05:39.663Z"}
info: Connected to the database. {"timestamp":"2024-08-19T06:05:43.354Z"}
info: Connected to the database. {"timestamp":"2024-08-19T06:05:47.003Z"}
info: Server started at http://localhost:3000 {"timestamp":"2024-08-19T06:05:50.539Z"}
info: Connected to the database. {"timestamp":"2024-08-19T06:05:50.650Z"}
info: Server started at http://localhost:3000 {"timestamp":"2024-08-19T06:07:03.065Z"}
info: Connected to the database. {"timestamp":"2024-08-19T06:07:03.180Z"}
info: Server started at http://localhost:3000 {"timestamp":"2024-08-19T06:07:51.618Z"}
info: Connected to the database. {"timestamp":"2024-08-19T06:07:51.748Z"}
info: Server started at http://localhost:3000 {"timestamp":"2024-08-19T06:07:57.113Z"}
info: Connected to the database. {"timestamp":"2024-08-19T06:07:57.230Z"}
info: Server started at http://localhost:3000 {"timestamp":"2024-08-19T06:07:59.086Z"}
info: Connected to the database. {"timestamp":"2024-08-19T06:07:59.323Z"}
info: Connected to the database. {"timestamp":"2024-08-19T06:08:03.744Z"}
info: Connected to the database. {"timestamp":"2024-08-19T06:08:07.451Z"}
info: Connected to the database. {"timestamp":"2024-08-19T06:08:12.812Z"}
info: Server started at http://localhost:3000 {"timestamp":"2024-08-19T06:08:16.397Z"}
info: Connected to the database. {"timestamp":"2024-08-19T06:08:16.521Z"}
info: Server started at http://localhost:3000 {"timestamp":"2024-08-19T06:08:18.498Z"}
info: Connected to the database. {"timestamp":"2024-08-19T06:08:18.595Z"}
info: Server started at http://localhost:3000 {"timestamp":"2024-08-19T06:08:27.536Z"}
info: Connected to the database. {"timestamp":"2024-08-19T06:08:27.636Z"}
info: Server started at http://localhost:3000 {"timestamp":"2024-08-19T06:08:30.022Z"}
info: Connected to the database. {"timestamp":"2024-08-19T06:08:30.132Z"}
info: Server started at http://localhost:3000 {"timestamp":"2024-08-19T06:08:49.962Z"}
info: Connected to the database. {"timestamp":"2024-08-19T06:08:50.083Z"}
info: Connected to the database. {"timestamp":"2024-08-19T06:08:58.726Z"}
info: Connected to the database. {"timestamp":"2024-08-19T06:09:09.393Z"}
info: Connected to the database. {"timestamp":"2024-08-19T06:09:13.058Z"}
info: Server started at http://localhost:3000 {"timestamp":"2024-08-19T06:09:16.684Z"}
info: Connected to the database. {"timestamp":"2024-08-19T06:09:16.803Z"}
info: Server started at http://localhost:3000 {"timestamp":"2024-08-19T06:09:18.896Z"}
info: Connected to the database. {"timestamp":"2024-08-19T06:09:19.124Z"}
info: Server started at http://localhost:3000 {"timestamp":"2024-08-19T06:09:21.295Z"}
info: Connected to the database. {"timestamp":"2024-08-19T06:09:21.390Z"}
info: Connected to the database. {"timestamp":"2024-08-19T06:09:23.819Z"}
info: Server started at http://localhost:3000 {"timestamp":"2024-08-19T06:09:27.370Z"}
info: Connected to the database. {"timestamp":"2024-08-19T06:09:27.489Z"}
info: Server started at http://localhost:3000 {"timestamp":"2024-08-19T06:09:48.590Z"}
info: Connected to the database. {"timestamp":"2024-08-19T06:09:48.822Z"}
info: Server started at http://localhost:3000 {"timestamp":"2024-08-19T06:09:57.899Z"}
info: Connected to the database. {"timestamp":"2024-08-19T06:09:58.009Z"}
info: Server started at http://localhost:3000 {"timestamp":"2024-08-19T06:09:59.139Z"}
info: Connected to the database. {"timestamp":"2024-08-19T06:09:59.254Z"}
info: Server started at http://localhost:3000 {"timestamp":"2024-08-19T06:12:14.575Z"}
info: Connected to the database. {"timestamp":"2024-08-19T06:12:14.694Z"}
info: Server started at http://localhost:3000 {"timestamp":"2024-08-19T06:13:11.457Z"}
info: Connected to the database. {"timestamp":"2024-08-19T06:13:11.573Z"}
info: Server started at http://localhost:3000 {"timestamp":"2024-08-19T06:13:15.114Z"}
info: Connected to the database. {"timestamp":"2024-08-19T06:13:15.233Z"}
error: 
    status - 500 
    message - Error: 
    at Query.run (C:\Users\Vishal\Documents\BridgeLabz\BookStore2\bookStore\node_modules\sequelize\src\dialects\postgres\query.js:76:25)
    at C:\Users\Vishal\Documents\BridgeLabz\BookStore2\bookStore\node_modules\sequelize\src\sequelize.js:650:28
    at processTicksAndRejections (node:internal/process/task_queues:95:5)
    at PostgresQueryInterface.select (C:\Users\Vishal\Documents\BridgeLabz\BookStore2\bookStore\node_modules\sequelize\src\dialects\abstract\query-interface.js:1001:12)
    at Function.findAll (C:\Users\Vishal\Documents\BridgeLabz\BookStore2\bookStore\node_modules\sequelize\src\model.js:1824:21) 
    url - /cart/ 
    method - GET 
    IP - ::1
   {"timestamp":"2024-08-19T06:13:40.476Z"}
error: 
    status - 500 
    message - TokenExpiredError: jwt expired
    at C:\Users\Vishal\Documents\BridgeLabz\BookStore2\bookStore\node_modules\jsonwebtoken\verify.js:152:21
    at getSecret (C:\Users\Vishal\Documents\BridgeLabz\BookStore2\bookStore\node_modules\jsonwebtoken\verify.js:90:14)
    at Object.module.exports [as verify] (C:\Users\Vishal\Documents\BridgeLabz\BookStore2\bookStore\node_modules\jsonwebtoken\verify.js:94:10)
    at C:\Users\Vishal\Documents\BridgeLabz\BookStore2\bookStore\src\middlewares\auth.middleware.ts:32:41
    at Generator.next (<anonymous>)
    at C:\Users\Vishal\Documents\BridgeLabz\BookStore2\bookStore\src\middlewares\auth.middleware.ts:8:71
    at new Promise (<anonymous>)
    at __awaiter (C:\Users\Vishal\Documents\BridgeLabz\BookStore2\bookStore\src\middlewares\auth.middleware.ts:4:12)
    at userAuth (C:\Users\Vishal\Documents\BridgeLabz\BookStore2\bookStore\src\middlewares\auth.middleware.ts:20:20)
    at Layer.handle [as handle_request] (C:\Users\Vishal\Documents\BridgeLabz\BookStore2\bookStore\node_modules\express\lib\router\layer.js:95:5) 
    url - /cart/update/2/5 
    method - PUT 
    IP - ::1
   {"timestamp":"2024-08-19T06:14:42.108Z"}
info: Server started at http://localhost:3000 {"timestamp":"2024-08-19T06:15:12.101Z"}
info: Connected to the database. {"timestamp":"2024-08-19T06:15:12.196Z"}
info: Server started at http://localhost:3000 {"timestamp":"2024-08-19T06:15:17.884Z"}
info: Connected to the database. {"timestamp":"2024-08-19T06:15:18.111Z"}
error: 
    status - 500 
    message - Error: WHERE parameter "bookId" has invalid "undefined" value
    at PostgresQueryGenerator.whereItemQuery (C:\Users\Vishal\Documents\BridgeLabz\BookStore2\bookStore\node_modules\sequelize\src\dialects\abstract\query-generator.js:2445:13)
    at C:\Users\Vishal\Documents\BridgeLabz\BookStore2\bookStore\node_modules\sequelize\src\dialects\abstract\query-generator.js:2434:25
    at Array.forEach (<anonymous>)
    at PostgresQueryGenerator.whereItemsQuery (C:\Users\Vishal\Documents\BridgeLabz\BookStore2\bookStore\node_modules\sequelize\src\dialects\abstract\query-generator.js:2432:35)
    at PostgresQueryGenerator.whereQuery (C:\Users\Vishal\Documents\BridgeLabz\BookStore2\bookStore\node_modules\sequelize\src\dialects\abstract\query-generator.js:2405:24)
    at PostgresQueryGenerator.updateQuery (C:\Users\Vishal\Documents\BridgeLabz\BookStore2\bookStore\node_modules\sequelize\src\dialects\abstract\query-generator.js:515:116)
    at PostgresQueryInterface.bulkUpdate (C:\Users\Vishal\Documents\BridgeLabz\BookStore2\bookStore\node_modules\sequelize\src\dialects\abstract\query-interface.js:924:37)
    at Function.update (C:\Users\Vishal\Documents\BridgeLabz\BookStore2\bookStore\node_modules\sequelize\src\model.js:3352:54)
    at processTicksAndRejections (node:internal/process/task_queues:95:5) 
    url - /cart/update/1/0 
    method - PUT 
    IP - ::1
   {"timestamp":"2024-08-19T06:18:02.994Z"}
error: 
    status - 500 
    message - Error: WHERE parameter "bookId" has invalid "undefined" value
    at PostgresQueryGenerator.whereItemQuery (C:\Users\Vishal\Documents\BridgeLabz\BookStore2\bookStore\node_modules\sequelize\src\dialects\abstract\query-generator.js:2445:13)
    at C:\Users\Vishal\Documents\BridgeLabz\BookStore2\bookStore\node_modules\sequelize\src\dialects\abstract\query-generator.js:2434:25
    at Array.forEach (<anonymous>)
    at PostgresQueryGenerator.whereItemsQuery (C:\Users\Vishal\Documents\BridgeLabz\BookStore2\bookStore\node_modules\sequelize\src\dialects\abstract\query-generator.js:2432:35)
    at PostgresQueryGenerator.whereQuery (C:\Users\Vishal\Documents\BridgeLabz\BookStore2\bookStore\node_modules\sequelize\src\dialects\abstract\query-generator.js:2405:24)
    at PostgresQueryGenerator.updateQuery (C:\Users\Vishal\Documents\BridgeLabz\BookStore2\bookStore\node_modules\sequelize\src\dialects\abstract\query-generator.js:515:116)
    at PostgresQueryInterface.bulkUpdate (C:\Users\Vishal\Documents\BridgeLabz\BookStore2\bookStore\node_modules\sequelize\src\dialects\abstract\query-interface.js:924:37)
    at Function.update (C:\Users\Vishal\Documents\BridgeLabz\BookStore2\bookStore\node_modules\sequelize\src\model.js:3352:54)
    at processTicksAndRejections (node:internal/process/task_queues:95:5) 
    url - /cart/update/1/1 
    method - PUT 
    IP - ::1
   {"timestamp":"2024-08-19T06:18:10.403Z"}
info: Server started at http://localhost:3000 {"timestamp":"2024-08-19T06:18:29.162Z"}
info: Connected to the database. {"timestamp":"2024-08-19T06:18:29.288Z"}
info: Server started at http://localhost:3000 {"timestamp":"2024-08-19T06:19:44.357Z"}
info: Connected to the database. {"timestamp":"2024-08-19T06:19:44.471Z"}
info: Server started at http://localhost:3000 {"timestamp":"2024-08-19T06:19:47.781Z"}
info: Connected to the database. {"timestamp":"2024-08-19T06:19:48.001Z"}
info: Server started at http://localhost:3000 {"timestamp":"2024-08-19T06:19:54.363Z"}
info: Connected to the database. {"timestamp":"2024-08-19T06:19:54.478Z"}
info: Server started at http://localhost:3000 {"timestamp":"2024-08-19T06:19:59.646Z"}
info: Connected to the database. {"timestamp":"2024-08-19T06:19:59.769Z"}
info: Connected to the database. {"timestamp":"2024-08-19T06:20:00.693Z"}
info: Server started at http://localhost:3000 {"timestamp":"2024-08-19T06:20:04.278Z"}
info: Connected to the database. {"timestamp":"2024-08-19T06:20:04.406Z"}
info: Server started at http://localhost:3000 {"timestamp":"2024-08-19T06:20:06.238Z"}
info: Connected to the database. {"timestamp":"2024-08-19T06:20:06.331Z"}
info: Server started at http://localhost:3000 {"timestamp":"2024-08-19T06:20:09.248Z"}
info: Connected to the database. {"timestamp":"2024-08-19T06:20:09.367Z"}
info: Connected to the database. {"timestamp":"2024-08-19T06:20:11.042Z"}
info: Server started at http://localhost:3000 {"timestamp":"2024-08-19T06:20:15.643Z"}
info: Connected to the database. {"timestamp":"2024-08-19T06:20:15.755Z"}
info: Connected to the database. {"timestamp":"2024-08-19T06:20:18.111Z"}
info: Server started at http://localhost:3000 {"timestamp":"2024-08-19T06:20:21.743Z"}
info: Connected to the database. {"timestamp":"2024-08-19T06:20:21.853Z"}
info: Server started at http://localhost:3000 {"timestamp":"2024-08-19T06:20:23.252Z"}
info: Connected to the database. {"timestamp":"2024-08-19T06:20:23.364Z"}
info: Server started at http://localhost:3000 {"timestamp":"2024-08-19T06:20:24.983Z"}
info: Connected to the database. {"timestamp":"2024-08-19T06:20:25.097Z"}
info: Server started at http://localhost:3000 {"timestamp":"2024-08-19T06:20:27.362Z"}
info: Connected to the database. {"timestamp":"2024-08-19T06:20:27.483Z"}
info: Server started at http://localhost:3000 {"timestamp":"2024-08-19T06:20:28.612Z"}
info: Connected to the database. {"timestamp":"2024-08-19T06:20:28.728Z"}
info: Server started at http://localhost:3000 {"timestamp":"2024-08-19T06:23:21.894Z"}
info: Connected to the database. {"timestamp":"2024-08-19T06:23:22.019Z"}
info: Server started at http://localhost:3000 {"timestamp":"2024-08-19T06:25:22.358Z"}
info: Connected to the database. {"timestamp":"2024-08-19T06:25:22.479Z"}
info: Server started at http://localhost:3000 {"timestamp":"2024-08-19T06:25:28.976Z"}
info: Connected to the database. {"timestamp":"2024-08-19T06:25:29.107Z"}
info: Server started at http://localhost:3000 {"timestamp":"2024-08-19T06:25:32.098Z"}
info: Connected to the database. {"timestamp":"2024-08-19T06:25:32.223Z"}
info: Connected to the database. {"timestamp":"2024-08-19T06:25:33.705Z"}
info: Connected to the database. {"timestamp":"2024-08-19T06:25:37.491Z"}
info: Connected to the database. {"timestamp":"2024-08-19T06:25:41.915Z"}
info: Server started at http://localhost:3000 {"timestamp":"2024-08-19T06:25:45.423Z"}
info: Connected to the database. {"timestamp":"2024-08-19T06:25:45.519Z"}
info: Server started at http://localhost:3000 {"timestamp":"2024-08-19T06:26:08.672Z"}
info: Connected to the database. {"timestamp":"2024-08-19T06:26:08.784Z"}
info: Connected to the database. {"timestamp":"2024-08-19T06:26:13.806Z"}
info: Server started at http://localhost:3000 {"timestamp":"2024-08-19T06:26:21.991Z"}
info: Connected to the database. {"timestamp":"2024-08-19T06:26:22.120Z"}
info: Connected to the database. {"timestamp":"2024-08-19T06:28:29.339Z"}
info: Connected to the database. {"timestamp":"2024-08-19T06:28:33.158Z"}
info: Connected to the database. {"timestamp":"2024-08-19T06:28:45.615Z"}
info: Connected to the database. {"timestamp":"2024-08-19T06:28:51.431Z"}
info: Connected to the database. {"timestamp":"2024-08-19T06:28:55.098Z"}
info: Connected to the database. {"timestamp":"2024-08-19T06:29:07.839Z"}
info: Server started at http://localhost:3000 {"timestamp":"2024-08-19T06:29:12.362Z"}
info: Connected to the database. {"timestamp":"2024-08-19T06:29:12.474Z"}
info: Server started at http://localhost:3000 {"timestamp":"2024-08-19T06:29:34.280Z"}
info: Connected to the database. {"timestamp":"2024-08-19T06:29:34.381Z"}
info: Server started at http://localhost:3000 {"timestamp":"2024-08-19T06:29:56.173Z"}
info: Connected to the database. {"timestamp":"2024-08-19T06:29:56.400Z"}
info: Connected to the database. {"timestamp":"2024-08-19T06:29:57.373Z"}
info: Server started at http://localhost:3000 {"timestamp":"2024-08-19T06:30:00.826Z"}
info: Connected to the database. {"timestamp":"2024-08-19T06:30:00.940Z"}
info: Connected to the database. {"timestamp":"2024-08-19T06:30:02.342Z"}
info: Server started at http://localhost:3000 {"timestamp":"2024-08-19T06:30:05.914Z"}
info: Connected to the database. {"timestamp":"2024-08-19T06:30:06.148Z"}
info: Server started at http://localhost:3000 {"timestamp":"2024-08-19T06:30:10.583Z"}
info: Connected to the database. {"timestamp":"2024-08-19T06:30:10.707Z"}
info: Server started at http://localhost:3000 {"timestamp":"2024-08-19T06:30:13.177Z"}
info: Connected to the database. {"timestamp":"2024-08-19T06:30:13.287Z"}
info: Server started at http://localhost:3000 {"timestamp":"2024-08-19T06:30:15.645Z"}
info: Connected to the database. {"timestamp":"2024-08-19T06:30:15.775Z"}
info: Connected to the database. {"timestamp":"2024-08-19T06:30:17.320Z"}
info: Server started at http://localhost:3000 {"timestamp":"2024-08-19T06:30:20.917Z"}
info: Connected to the database. {"timestamp":"2024-08-19T06:30:21.012Z"}
info: Connected to the database. {"timestamp":"2024-08-19T06:30:24.038Z"}
info: Server started at http://localhost:3000 {"timestamp":"2024-08-19T06:30:27.602Z"}
info: Connected to the database. {"timestamp":"2024-08-19T06:30:27.709Z"}
info: Server started at http://localhost:3000 {"timestamp":"2024-08-19T06:30:34.752Z"}
info: Connected to the database. {"timestamp":"2024-08-19T06:30:34.871Z"}
info: Server started at http://localhost:3000 {"timestamp":"2024-08-19T06:31:35.523Z"}
info: Connected to the database. {"timestamp":"2024-08-19T06:31:35.636Z"}
info: Connected to the database. {"timestamp":"2024-08-19T06:31:38.591Z"}
info: Connected to the database. {"timestamp":"2024-08-19T06:32:43.363Z"}
info: Server started at http://localhost:3000 {"timestamp":"2024-08-19T06:32:51.839Z"}
info: Connected to the database. {"timestamp":"2024-08-19T06:32:51.958Z"}
info: Server started at http://localhost:3000 {"timestamp":"2024-08-19T06:32:54.080Z"}
info: Connected to the database. {"timestamp":"2024-08-19T06:32:54.201Z"}
info: Server started at http://localhost:3000 {"timestamp":"2024-08-19T06:32:56.272Z"}
info: Connected to the database. {"timestamp":"2024-08-19T06:32:56.421Z"}
info: Connected to the database. {"timestamp":"2024-08-19T06:32:59.098Z"}
info: Connected to the database. {"timestamp":"2024-08-19T06:33:07.279Z"}
info: Server started at http://localhost:3000 {"timestamp":"2024-08-19T06:33:10.857Z"}
info: Connected to the database. {"timestamp":"2024-08-19T06:33:10.977Z"}
error: 
    status - 500 
    message - Error: WHERE parameter "userId" has invalid "undefined" value
    at PostgresQueryGenerator.whereItemQuery (C:\Users\Vishal\Documents\BridgeLabz\BookStore2\bookStore\node_modules\sequelize\src\dialects\abstract\query-generator.js:2445:13)
    at C:\Users\Vishal\Documents\BridgeLabz\BookStore2\bookStore\node_modules\sequelize\src\dialects\abstract\query-generator.js:2434:25
    at Array.forEach (<anonymous>)
    at PostgresQueryGenerator.whereItemsQuery (C:\Users\Vishal\Documents\BridgeLabz\BookStore2\bookStore\node_modules\sequelize\src\dialects\abstract\query-generator.js:2432:35)
    at PostgresQueryGenerator.whereQuery (C:\Users\Vishal\Documents\BridgeLabz\BookStore2\bookStore\node_modules\sequelize\src\dialects\abstract\query-generator.js:2405:24)
    at PostgresQueryGenerator.updateQuery (C:\Users\Vishal\Documents\BridgeLabz\BookStore2\bookStore\node_modules\sequelize\src\dialects\abstract\query-generator.js:515:116)
    at PostgresQueryInterface.bulkUpdate (C:\Users\Vishal\Documents\BridgeLabz\BookStore2\bookStore\node_modules\sequelize\src\dialects\abstract\query-interface.js:924:37)
    at Function.update (C:\Users\Vishal\Documents\BridgeLabz\BookStore2\bookStore\node_modules\sequelize\src\model.js:3352:54)
    at processTicksAndRejections (node:internal/process/task_queues:95:5) 
    url - /cart/update/2/1 
    method - PUT 
    IP - ::1
   {"timestamp":"2024-08-19T06:33:22.044Z"}
info: Server started at http://localhost:3000 {"timestamp":"2024-08-19T06:33:31.054Z"}
info: Connected to the database. {"timestamp":"2024-08-19T06:33:31.177Z"}
info: Server started at http://localhost:3000 {"timestamp":"2024-08-19T06:35:51.194Z"}
info: Connected to the database. {"timestamp":"2024-08-19T06:35:51.304Z"}
info: Server started at http://localhost:3000 {"timestamp":"2024-08-19T06:36:12.990Z"}
info: Connected to the database. {"timestamp":"2024-08-19T06:36:13.095Z"}
info: Server started at http://localhost:3000 {"timestamp":"2024-08-19T06:36:20.845Z"}
info: Connected to the database. {"timestamp":"2024-08-19T06:36:20.938Z"}
error: 
    status - 500 
    message - Error: WHERE parameter "userId" has invalid "undefined" value
    at PostgresQueryGenerator.whereItemQuery (C:\Users\Vishal\Documents\BridgeLabz\BookStore2\bookStore\node_modules\sequelize\src\dialects\abstract\query-generator.js:2445:13)
    at C:\Users\Vishal\Documents\BridgeLabz\BookStore2\bookStore\node_modules\sequelize\src\dialects\abstract\query-generator.js:2434:25
    at Array.forEach (<anonymous>)
    at PostgresQueryGenerator.whereItemsQuery (C:\Users\Vishal\Documents\BridgeLabz\BookStore2\bookStore\node_modules\sequelize\src\dialects\abstract\query-generator.js:2432:35)
    at PostgresQueryGenerator.whereQuery (C:\Users\Vishal\Documents\BridgeLabz\BookStore2\bookStore\node_modules\sequelize\src\dialects\abstract\query-generator.js:2405:24)
    at PostgresQueryGenerator.updateQuery (C:\Users\Vishal\Documents\BridgeLabz\BookStore2\bookStore\node_modules\sequelize\src\dialects\abstract\query-generator.js:515:116)
    at PostgresQueryInterface.bulkUpdate (C:\Users\Vishal\Documents\BridgeLabz\BookStore2\bookStore\node_modules\sequelize\src\dialects\abstract\query-interface.js:924:37)
    at Function.update (C:\Users\Vishal\Documents\BridgeLabz\BookStore2\bookStore\node_modules\sequelize\src\model.js:3352:54)
    at processTicksAndRejections (node:internal/process/task_queues:95:5) 
    url - /cart/update/2/2 
    method - PUT 
    IP - ::1
   {"timestamp":"2024-08-19T06:37:02.027Z"}
info: Server started at http://localhost:3000 {"timestamp":"2024-08-19T06:37:41.922Z"}
info: Connected to the database. {"timestamp":"2024-08-19T06:37:42.149Z"}
error: 
    status - 500 
    message - Error: WHERE parameter "userId" has invalid "undefined" value
    at PostgresQueryGenerator.whereItemQuery (C:\Users\Vishal\Documents\BridgeLabz\BookStore2\bookStore\node_modules\sequelize\src\dialects\abstract\query-generator.js:2445:13)
    at C:\Users\Vishal\Documents\BridgeLabz\BookStore2\bookStore\node_modules\sequelize\src\dialects\abstract\query-generator.js:2434:25
    at Array.forEach (<anonymous>)
    at PostgresQueryGenerator.whereItemsQuery (C:\Users\Vishal\Documents\BridgeLabz\BookStore2\bookStore\node_modules\sequelize\src\dialects\abstract\query-generator.js:2432:35)
    at PostgresQueryGenerator.whereQuery (C:\Users\Vishal\Documents\BridgeLabz\BookStore2\bookStore\node_modules\sequelize\src\dialects\abstract\query-generator.js:2405:24)
    at PostgresQueryGenerator.updateQuery (C:\Users\Vishal\Documents\BridgeLabz\BookStore2\bookStore\node_modules\sequelize\src\dialects\abstract\query-generator.js:515:116)
    at PostgresQueryInterface.bulkUpdate (C:\Users\Vishal\Documents\BridgeLabz\BookStore2\bookStore\node_modules\sequelize\src\dialects\abstract\query-interface.js:924:37)
    at Function.update (C:\Users\Vishal\Documents\BridgeLabz\BookStore2\bookStore\node_modules\sequelize\src\model.js:3352:54)
    at processTicksAndRejections (node:internal/process/task_queues:95:5) 
    url - /cart/update/2/2 
    method - PUT 
    IP - ::1
   {"timestamp":"2024-08-19T06:37:52.944Z"}
info: Server started at http://localhost:3000 {"timestamp":"2024-08-19T06:38:07.441Z"}
info: Connected to the database. {"timestamp":"2024-08-19T06:38:07.563Z"}
info: Server started at http://localhost:3000 {"timestamp":"2024-08-19T06:38:09.088Z"}
info: Connected to the database. {"timestamp":"2024-08-19T06:38:09.199Z"}
error: 
    status - 500 
    message - Error: WHERE parameter "userId" has invalid "undefined" value
    at PostgresQueryGenerator.whereItemQuery (C:\Users\Vishal\Documents\BridgeLabz\BookStore2\bookStore\node_modules\sequelize\src\dialects\abstract\query-generator.js:2445:13)
    at C:\Users\Vishal\Documents\BridgeLabz\BookStore2\bookStore\node_modules\sequelize\src\dialects\abstract\query-generator.js:2434:25
    at Array.forEach (<anonymous>)
    at PostgresQueryGenerator.whereItemsQuery (C:\Users\Vishal\Documents\BridgeLabz\BookStore2\bookStore\node_modules\sequelize\src\dialects\abstract\query-generator.js:2432:35)
    at PostgresQueryGenerator.whereQuery (C:\Users\Vishal\Documents\BridgeLabz\BookStore2\bookStore\node_modules\sequelize\src\dialects\abstract\query-generator.js:2405:24)
    at PostgresQueryGenerator.updateQuery (C:\Users\Vishal\Documents\BridgeLabz\BookStore2\bookStore\node_modules\sequelize\src\dialects\abstract\query-generator.js:515:116)
    at PostgresQueryInterface.bulkUpdate (C:\Users\Vishal\Documents\BridgeLabz\BookStore2\bookStore\node_modules\sequelize\src\dialects\abstract\query-interface.js:924:37)
    at Function.update (C:\Users\Vishal\Documents\BridgeLabz\BookStore2\bookStore\node_modules\sequelize\src\model.js:3352:54)
    at processTicksAndRejections (node:internal/process/task_queues:95:5) 
    url - /cart/update/2/2 
    method - PUT 
    IP - ::1
   {"timestamp":"2024-08-19T06:38:41.784Z"}
info: Server started at http://localhost:3000 {"timestamp":"2024-08-19T06:40:58.676Z"}
info: Connected to the database. {"timestamp":"2024-08-19T06:40:58.904Z"}
info: Server started at http://localhost:3000 {"timestamp":"2024-08-19T06:41:20.696Z"}
info: Connected to the database. {"timestamp":"2024-08-19T06:41:20.817Z"}
info: Server started at http://localhost:3000 {"timestamp":"2024-08-19T06:41:22.308Z"}
info: Connected to the database. {"timestamp":"2024-08-19T06:41:22.424Z"}
info: Server started at http://localhost:3000 {"timestamp":"2024-08-19T06:41:23.575Z"}
info: Connected to the database. {"timestamp":"2024-08-19T06:41:23.699Z"}
info: Server started at http://localhost:3000 {"timestamp":"2024-08-19T06:41:34.206Z"}
info: Connected to the database. {"timestamp":"2024-08-19T06:41:34.335Z"}
info: Server started at http://localhost:3000 {"timestamp":"2024-08-19T06:41:41.206Z"}
info: Connected to the database. {"timestamp":"2024-08-19T06:41:41.323Z"}
info: Server started at http://localhost:3000 {"timestamp":"2024-08-19T06:42:31.837Z"}
info: Connected to the database. {"timestamp":"2024-08-19T06:42:32.048Z"}
info: Server started at http://localhost:3000 {"timestamp":"2024-08-19T06:42:33.488Z"}
info: Connected to the database. {"timestamp":"2024-08-19T06:42:33.712Z"}
info: Server started at http://localhost:3000 {"timestamp":"2024-08-19T06:42:37.554Z"}
info: Connected to the database. {"timestamp":"2024-08-19T06:42:37.663Z"}
error: 
    status - 500 
    message - TokenExpiredError: jwt expired
    at C:\Users\Vishal\Documents\BridgeLabz\BookStore2\bookStore\node_modules\jsonwebtoken\verify.js:152:21
    at getSecret (C:\Users\Vishal\Documents\BridgeLabz\BookStore2\bookStore\node_modules\jsonwebtoken\verify.js:90:14)
    at Object.module.exports [as verify] (C:\Users\Vishal\Documents\BridgeLabz\BookStore2\bookStore\node_modules\jsonwebtoken\verify.js:94:10)
    at C:\Users\Vishal\Documents\BridgeLabz\BookStore2\bookStore\src\middlewares\auth.middleware.ts:32:41
    at Generator.next (<anonymous>)
    at C:\Users\Vishal\Documents\BridgeLabz\BookStore2\bookStore\src\middlewares\auth.middleware.ts:8:71
    at new Promise (<anonymous>)
    at __awaiter (C:\Users\Vishal\Documents\BridgeLabz\BookStore2\bookStore\src\middlewares\auth.middleware.ts:4:12)
    at userAuth (C:\Users\Vishal\Documents\BridgeLabz\BookStore2\bookStore\src\middlewares\auth.middleware.ts:20:20)
    at Layer.handle [as handle_request] (C:\Users\Vishal\Documents\BridgeLabz\BookStore2\bookStore\node_modules\express\lib\router\layer.js:95:5) 
    url - /cart/ 
    method - GET 
    IP - ::1
   {"timestamp":"2024-08-19T06:43:41.647Z"}
error: 
    status - 500 
    message - TokenExpiredError: jwt expired
    at C:\Users\Vishal\Documents\BridgeLabz\BookStore2\bookStore\node_modules\jsonwebtoken\verify.js:152:21
    at getSecret (C:\Users\Vishal\Documents\BridgeLabz\BookStore2\bookStore\node_modules\jsonwebtoken\verify.js:90:14)
    at Object.module.exports [as verify] (C:\Users\Vishal\Documents\BridgeLabz\BookStore2\bookStore\node_modules\jsonwebtoken\verify.js:94:10)
    at C:\Users\Vishal\Documents\BridgeLabz\BookStore2\bookStore\src\middlewares\auth.middleware.ts:32:41
    at Generator.next (<anonymous>)
    at C:\Users\Vishal\Documents\BridgeLabz\BookStore2\bookStore\src\middlewares\auth.middleware.ts:8:71
    at new Promise (<anonymous>)
    at __awaiter (C:\Users\Vishal\Documents\BridgeLabz\BookStore2\bookStore\src\middlewares\auth.middleware.ts:4:12)
    at userAuth (C:\Users\Vishal\Documents\BridgeLabz\BookStore2\bookStore\src\middlewares\auth.middleware.ts:20:20)
    at Layer.handle [as handle_request] (C:\Users\Vishal\Documents\BridgeLabz\BookStore2\bookStore\node_modules\express\lib\router\layer.js:95:5) 
    url - /cart/delete/2 
    method - DELETE 
    IP - ::1
   {"timestamp":"2024-08-19T06:45:02.396Z"}
info: Connected to the database. {"timestamp":"2024-08-19T06:46:53.345Z"}
info: Server started at http://localhost:3000 {"timestamp":"2024-08-19T06:46:56.897Z"}
info: Connected to the database. {"timestamp":"2024-08-19T06:46:57.008Z"}
info: Connected to the database. {"timestamp":"2024-08-19T06:47:13.732Z"}
info: Connected to the database. {"timestamp":"2024-08-19T06:47:17.386Z"}
info: Server started at http://localhost:3000 {"timestamp":"2024-08-19T06:47:20.950Z"}
info: Connected to the database. {"timestamp":"2024-08-19T06:47:21.080Z"}
info: Server started at http://localhost:3000 {"timestamp":"2024-08-19T06:47:25.087Z"}
info: Connected to the database. {"timestamp":"2024-08-19T06:47:25.203Z"}
info: Server started at http://localhost:3000 {"timestamp":"2024-08-19T06:47:28.321Z"}
info: Connected to the database. {"timestamp":"2024-08-19T06:47:28.416Z"}
info: Server started at http://localhost:3000 {"timestamp":"2024-08-19T06:56:46.670Z"}
info: Connected to the database. {"timestamp":"2024-08-19T06:56:46.778Z"}
info: Server started at http://localhost:3000 {"timestamp":"2024-08-19T06:57:18.269Z"}
info: Connected to the database. {"timestamp":"2024-08-19T06:57:18.377Z"}
info: Server started at http://localhost:3000 {"timestamp":"2024-08-19T06:57:20.107Z"}
info: Connected to the database. {"timestamp":"2024-08-19T06:57:20.223Z"}
info: Connected to the database. {"timestamp":"2024-08-19T06:57:33.993Z"}
info: Connected to the database. {"timestamp":"2024-08-19T06:57:38.135Z"}
info: Server started at http://localhost:3000 {"timestamp":"2024-08-19T06:57:41.764Z"}
info: Connected to the database. {"timestamp":"2024-08-19T06:57:41.885Z"}
info: Server started at http://localhost:3000 {"timestamp":"2024-08-19T06:57:43.796Z"}
info: Connected to the database. {"timestamp":"2024-08-19T06:57:43.891Z"}
info: Server started at http://localhost:3000 {"timestamp":"2024-08-19T06:58:30.097Z"}
info: Connected to the database. {"timestamp":"2024-08-19T06:58:30.217Z"}
info: Connected to the database. {"timestamp":"2024-08-19T06:58:31.726Z"}
info: Server started at http://localhost:3000 {"timestamp":"2024-08-19T06:58:42.997Z"}
info: Connected to the database. {"timestamp":"2024-08-19T06:58:43.094Z"}
info: Server started at http://localhost:3000 {"timestamp":"2024-08-19T06:58:54.588Z"}
info: Connected to the database. {"timestamp":"2024-08-19T06:58:54.700Z"}
info: Server started at http://localhost:3000 {"timestamp":"2024-08-19T06:58:59.308Z"}
info: Connected to the database. {"timestamp":"2024-08-19T06:58:59.421Z"}
info: Server started at http://localhost:3000 {"timestamp":"2024-08-19T06:59:00.561Z"}
info: Connected to the database. {"timestamp":"2024-08-19T06:59:00.677Z"}
info: Server started at http://localhost:3000 {"timestamp":"2024-08-19T06:59:07.493Z"}
info: Connected to the database. {"timestamp":"2024-08-19T06:59:07.601Z"}
info: Server started at http://localhost:3000 {"timestamp":"2024-08-19T07:00:11.830Z"}
info: Connected to the database. {"timestamp":"2024-08-19T07:00:12.056Z"}
info: Server started at http://localhost:3000 {"timestamp":"2024-08-19T07:00:14.307Z"}
info: Connected to the database. {"timestamp":"2024-08-19T07:00:14.540Z"}
info: Server started at http://localhost:3000 {"timestamp":"2024-08-19T07:00:34.034Z"}
info: Connected to the database. {"timestamp":"2024-08-19T07:00:34.130Z"}
info: Connected to the database. {"timestamp":"2024-08-19T07:00:39.938Z"}
info: Connected to the database. {"timestamp":"2024-08-19T07:00:48.401Z"}
info: Server started at http://localhost:3000 {"timestamp":"2024-08-19T07:00:53.095Z"}
info: Connected to the database. {"timestamp":"2024-08-19T07:00:53.303Z"}
info: Server started at http://localhost:3000 {"timestamp":"2024-08-19T07:00:54.699Z"}
info: Connected to the database. {"timestamp":"2024-08-19T07:00:54.811Z"}
info: Server started at http://localhost:3000 {"timestamp":"2024-08-19T07:00:56.205Z"}
info: Connected to the database. {"timestamp":"2024-08-19T07:00:56.433Z"}
info: Server started at http://localhost:3000 {"timestamp":"2024-08-19T07:01:00.337Z"}
info: Connected to the database. {"timestamp":"2024-08-19T07:01:00.452Z"}
info: Server started at http://localhost:3000 {"timestamp":"2024-08-19T07:01:03.692Z"}
info: Connected to the database. {"timestamp":"2024-08-19T07:01:03.813Z"}
info: Server started at http://localhost:3000 {"timestamp":"2024-08-19T07:01:05.980Z"}
info: Connected to the database. {"timestamp":"2024-08-19T07:01:06.190Z"}
info: Server started at http://localhost:3000 {"timestamp":"2024-08-19T07:01:09.528Z"}
info: Connected to the database. {"timestamp":"2024-08-19T07:01:09.647Z"}
info: Server started at http://localhost:3000 {"timestamp":"2024-08-19T07:02:57.243Z"}
info: Connected to the database. {"timestamp":"2024-08-19T07:02:57.356Z"}
info: Connected to the database. {"timestamp":"2024-08-19T07:02:59.541Z"}
info: Server started at http://localhost:3000 {"timestamp":"2024-08-19T07:03:03.127Z"}
info: Connected to the database. {"timestamp":"2024-08-19T07:03:03.237Z"}
error: 
    status - 500 
    message - TokenExpiredError: jwt expired
    at C:\Users\Vishal\Documents\BridgeLabz\BookStore2\bookStore\node_modules\jsonwebtoken\verify.js:152:21
    at getSecret (C:\Users\Vishal\Documents\BridgeLabz\BookStore2\bookStore\node_modules\jsonwebtoken\verify.js:90:14)
    at Object.module.exports [as verify] (C:\Users\Vishal\Documents\BridgeLabz\BookStore2\bookStore\node_modules\jsonwebtoken\verify.js:94:10)
    at C:\Users\Vishal\Documents\BridgeLabz\BookStore2\bookStore\src\middlewares\auth.middleware.ts:32:41
    at Generator.next (<anonymous>)
    at C:\Users\Vishal\Documents\BridgeLabz\BookStore2\bookStore\src\middlewares\auth.middleware.ts:8:71
    at new Promise (<anonymous>)
    at __awaiter (C:\Users\Vishal\Documents\BridgeLabz\BookStore2\bookStore\src\middlewares\auth.middleware.ts:4:12)
    at userAuth (C:\Users\Vishal\Documents\BridgeLabz\BookStore2\bookStore\src\middlewares\auth.middleware.ts:20:20)
    at Layer.handle [as handle_request] (C:\Users\Vishal\Documents\BridgeLabz\BookStore2\bookStore\node_modules\express\lib\router\layer.js:95:5) 
    url - /cart/update/1/20 
    method - PUT 
    IP - ::1
   {"timestamp":"2024-08-19T07:16:49.836Z"}
info: Connected to the database. {"timestamp":"2024-08-19T09:04:10.654Z"}
info: Server started at http://localhost:3000 {"timestamp":"2024-08-19T09:04:23.222Z"}
info: Connected to the database. {"timestamp":"2024-08-19T09:04:23.520Z"}
info: Connected to the database. {"timestamp":"2024-08-19T09:05:30.577Z"}
info: Server started at http://localhost:3000 {"timestamp":"2024-08-19T09:05:34.746Z"}
info: Connected to the database. {"timestamp":"2024-08-19T09:05:34.911Z"}
info: Server started at http://localhost:3000 {"timestamp":"2024-08-19T09:05:39.019Z"}
info: Connected to the database. {"timestamp":"2024-08-19T09:05:39.228Z"}
info: Connected to the database. {"timestamp":"2024-08-19T09:05:57.129Z"}
info: Server started at http://localhost:3000 {"timestamp":"2024-08-19T09:06:00.885Z"}
info: Connected to the database. {"timestamp":"2024-08-19T09:06:01.037Z"}
info: Server started at http://localhost:3000 {"timestamp":"2024-08-19T09:06:09.652Z"}
info: Connected to the database. {"timestamp":"2024-08-19T09:06:09.876Z"}
info: Server started at http://localhost:3000 {"timestamp":"2024-08-19T09:06:12.161Z"}
info: Connected to the database. {"timestamp":"2024-08-19T09:06:12.439Z"}
info: Server started at http://localhost:3000 {"timestamp":"2024-08-19T09:06:17.140Z"}
info: Connected to the database. {"timestamp":"2024-08-19T09:06:17.360Z"}
info: Server started at http://localhost:3000 {"timestamp":"2024-08-19T09:06:43.930Z"}
info: Connected to the database. {"timestamp":"2024-08-19T09:06:44.088Z"}
info: Server started at http://localhost:3000 {"timestamp":"2024-08-19T09:06:53.937Z"}
info: Connected to the database. {"timestamp":"2024-08-19T09:06:54.132Z"}
info: Server started at http://localhost:3000 {"timestamp":"2024-08-19T09:07:01.380Z"}
info: Connected to the database. {"timestamp":"2024-08-19T09:07:01.660Z"}
info: Server started at http://localhost:3000 {"timestamp":"2024-08-19T09:07:04.622Z"}
info: Connected to the database. {"timestamp":"2024-08-19T09:07:04.798Z"}
info: Server started at http://localhost:3000 {"timestamp":"2024-08-19T09:07:39.568Z"}
info: Connected to the database. {"timestamp":"2024-08-19T09:07:39.766Z"}
info: Server started at http://localhost:3000 {"timestamp":"2024-08-19T09:07:46.649Z"}
info: Connected to the database. {"timestamp":"2024-08-19T09:07:46.834Z"}
info: Connected to the database. {"timestamp":"2024-08-19T09:07:55.397Z"}
info: Server started at http://localhost:3000 {"timestamp":"2024-08-19T09:08:05.669Z"}
info: Connected to the database. {"timestamp":"2024-08-19T09:08:05.848Z"}
info: Server started at http://localhost:3000 {"timestamp":"2024-08-19T09:08:11.748Z"}
info: Connected to the database. {"timestamp":"2024-08-19T09:08:11.920Z"}
info: Server started at http://localhost:3000 {"timestamp":"2024-08-19T09:08:14.300Z"}
info: Connected to the database. {"timestamp":"2024-08-19T09:08:14.453Z"}
info: Server started at http://localhost:3000 {"timestamp":"2024-08-19T09:08:16.784Z"}
info: Connected to the database. {"timestamp":"2024-08-19T09:08:17.011Z"}
info: Server started at http://localhost:3000 {"timestamp":"2024-08-19T09:08:23.098Z"}
info: Connected to the database. {"timestamp":"2024-08-19T09:08:23.370Z"}
info: Server started at http://localhost:3000 {"timestamp":"2024-08-19T09:08:25.121Z"}
info: Server started at http://localhost:3000 {"timestamp":"2024-08-19T09:08:26.781Z"}
info: Connected to the database. {"timestamp":"2024-08-19T09:08:26.958Z"}
info: Server started at http://localhost:3000 {"timestamp":"2024-08-19T09:08:34.251Z"}
info: Connected to the database. {"timestamp":"2024-08-19T09:08:34.454Z"}
info: Server started at http://localhost:3000 {"timestamp":"2024-08-19T09:08:37.674Z"}
info: Connected to the database. {"timestamp":"2024-08-19T09:08:37.857Z"}
info: Server started at http://localhost:3000 {"timestamp":"2024-08-19T09:08:45.503Z"}
info: Connected to the database. {"timestamp":"2024-08-19T09:08:45.772Z"}
info: Server started at http://localhost:3000 {"timestamp":"2024-08-19T09:08:48.200Z"}
info: Connected to the database. {"timestamp":"2024-08-19T09:08:48.488Z"}
info: Server started at http://localhost:3000 {"timestamp":"2024-08-19T09:08:52.452Z"}
info: Connected to the database. {"timestamp":"2024-08-19T09:08:52.662Z"}
error: 
    status - 500 
    message - undefined 
    url - /cart/update/1/20 
    method - PUT 
    IP - ::1
   {"timestamp":"2024-08-19T09:08:58.571Z"}
error: 
    status - 500 
    message - TokenExpiredError: jwt expired
    at C:\Users\Vishal\Documents\BridgeLabz\BookStore2\bookStore\node_modules\jsonwebtoken\verify.js:152:21
    at getSecret (C:\Users\Vishal\Documents\BridgeLabz\BookStore2\bookStore\node_modules\jsonwebtoken\verify.js:90:14)
    at Object.module.exports [as verify] (C:\Users\Vishal\Documents\BridgeLabz\BookStore2\bookStore\node_modules\jsonwebtoken\verify.js:94:10)
    at C:\Users\Vishal\Documents\BridgeLabz\BookStore2\bookStore\src\middlewares\auth.middleware.ts:32:41
    at Generator.next (<anonymous>)
    at C:\Users\Vishal\Documents\BridgeLabz\BookStore2\bookStore\src\middlewares\auth.middleware.ts:8:71
    at new Promise (<anonymous>)
    at __awaiter (C:\Users\Vishal\Documents\BridgeLabz\BookStore2\bookStore\src\middlewares\auth.middleware.ts:4:12)
    at userAuth (C:\Users\Vishal\Documents\BridgeLabz\BookStore2\bookStore\src\middlewares\auth.middleware.ts:20:20)
    at Layer.handle [as handle_request] (C:\Users\Vishal\Documents\BridgeLabz\BookStore2\bookStore\node_modules\express\lib\router\layer.js:95:5) 
    url - /cart/delete/1 
    method - DELETE 
    IP - ::1
   {"timestamp":"2024-08-19T09:09:30.120Z"}
error: 
    status - 500 
    message - undefined 
    url - /cart/update/1/20 
    method - PUT 
    IP - ::1
   {"timestamp":"2024-08-19T09:11:01.198Z"}
error: 
    status - 500 
    message - undefined 
    url - /cart/update/1/16 
    method - PUT 
    IP - ::1
   {"timestamp":"2024-08-19T09:11:39.582Z"}
info: Server started at http://localhost:3000 {"timestamp":"2024-08-19T09:12:14.699Z"}
info: Connected to the database. {"timestamp":"2024-08-19T09:12:15.093Z"}
error: 
    status - 500 
    message - TypeError: Cannot read properties of undefined (reading 'quantity')
    at CartService.<anonymous> (C:\Users\Vishal\Documents\BridgeLabz\BookStore2\bookStore\src\services\cart.service.ts:53:14)
    at Generator.next (<anonymous>)
    at fulfilled (C:\Users\Vishal\Documents\BridgeLabz\BookStore2\bookStore\src\services\cart.service.ts:28:58)
    at processTicksAndRejections (node:internal/process/task_queues:95:5) 
    url - /cart/update/1/16 
    method - PUT 
    IP - ::1
   {"timestamp":"2024-08-19T09:12:16.186Z"}
info: Connected to the database. {"timestamp":"2024-08-19T09:16:11.451Z"}
info: Server started at http://localhost:3000 {"timestamp":"2024-08-19T09:16:15.626Z"}
info: Connected to the database. {"timestamp":"2024-08-19T09:16:15.889Z"}
info: Server started at http://localhost:3000 {"timestamp":"2024-08-19T09:27:27.728Z"}
info: Connected to the database. {"timestamp":"2024-08-19T09:27:27.959Z"}
info: Server started at http://localhost:3000 {"timestamp":"2024-08-19T09:27:39.745Z"}
info: Connected to the database. {"timestamp":"2024-08-19T09:27:39.870Z"}
info: Server started at http://localhost:3000 {"timestamp":"2024-08-19T09:43:58.125Z"}
info: Connected to the database. {"timestamp":"2024-08-19T09:43:58.236Z"}
