info: Server started at http://localhost:3000 {"timestamp":"2024-08-17T06:19:38.437Z"}
info: Connected to the database. {"timestamp":"2024-08-17T06:19:38.656Z"}
info: Server started at http://localhost:3000 {"timestamp":"2024-08-17T06:26:04.543Z"}
info: Connected to the database. {"timestamp":"2024-08-17T06:26:04.728Z"}
info: Server started at http://localhost:3000 {"timestamp":"2024-08-17T06:27:25.866Z"}
info: Connected to the database. {"timestamp":"2024-08-17T06:27:26.005Z"}
info: Server started at http://localhost:3000 {"timestamp":"2024-08-17T06:27:30.886Z"}
info: Connected to the database. {"timestamp":"2024-08-17T06:27:30.994Z"}
info: Server started at http://localhost:3000 {"timestamp":"2024-08-17T06:36:09.257Z"}
info: Connected to the database. {"timestamp":"2024-08-17T06:36:09.375Z"}
info: Connected to the database. {"timestamp":"2024-08-17T06:36:17.767Z"}
info: Server started at http://localhost:3000 {"timestamp":"2024-08-17T06:36:21.428Z"}
info: Connected to the database. {"timestamp":"2024-08-17T06:36:21.548Z"}
info: Server started at http://localhost:3000 {"timestamp":"2024-08-17T06:36:53.143Z"}
info: Connected to the database. {"timestamp":"2024-08-17T06:36:53.258Z"}
info: Server started at http://localhost:3000 {"timestamp":"2024-08-17T06:37:07.403Z"}
info: Connected to the database. {"timestamp":"2024-08-17T06:37:07.523Z"}
info: Server started at http://localhost:3000 {"timestamp":"2024-08-17T06:37:09.499Z"}
info: Connected to the database. {"timestamp":"2024-08-17T06:37:09.606Z"}
info: Server started at http://localhost:3000 {"timestamp":"2024-08-17T06:37:11.619Z"}
info: Connected to the database. {"timestamp":"2024-08-17T06:37:11.721Z"}
info: Server started at http://localhost:3000 {"timestamp":"2024-08-17T06:37:12.832Z"}
info: Connected to the database. {"timestamp":"2024-08-17T06:37:12.947Z"}
info: Server started at http://localhost:3000 {"timestamp":"2024-08-17T06:37:23.869Z"}
info: Connected to the database. {"timestamp":"2024-08-17T06:37:23.984Z"}
info: Server started at http://localhost:3000 {"timestamp":"2024-08-17T06:37:26.319Z"}
info: Connected to the database. {"timestamp":"2024-08-17T06:37:26.439Z"}
info: Server started at http://localhost:3000 {"timestamp":"2024-08-17T06:37:31.199Z"}
info: Connected to the database. {"timestamp":"2024-08-17T06:37:31.313Z"}
info: Server started at http://localhost:3000 {"timestamp":"2024-08-17T06:37:50.803Z"}
info: Connected to the database. {"timestamp":"2024-08-17T06:37:50.926Z"}
info: Server started at http://localhost:3000 {"timestamp":"2024-08-17T06:37:52.613Z"}
info: Connected to the database. {"timestamp":"2024-08-17T06:37:52.724Z"}
info: Server started at http://localhost:3000 {"timestamp":"2024-08-17T06:37:53.838Z"}
info: Connected to the database. {"timestamp":"2024-08-17T06:37:53.939Z"}
info: Server started at http://localhost:3000 {"timestamp":"2024-08-17T06:38:12.441Z"}
info: Connected to the database. {"timestamp":"2024-08-17T06:38:12.573Z"}
info: Server started at http://localhost:3000 {"timestamp":"2024-08-17T06:38:17.609Z"}
info: Connected to the database. {"timestamp":"2024-08-17T06:38:17.847Z"}
info: Connected to the database. {"timestamp":"2024-08-17T06:38:51.860Z"}
info: Server started at http://localhost:3000 {"timestamp":"2024-08-17T06:38:55.418Z"}
info: Connected to the database. {"timestamp":"2024-08-17T06:38:55.530Z"}
info: Connected to the database. {"timestamp":"2024-08-17T06:41:02.227Z"}
info: Server started at http://localhost:3000 {"timestamp":"2024-08-17T06:41:06.625Z"}
info: Connected to the database. {"timestamp":"2024-08-17T06:41:06.744Z"}
info: Server started at http://localhost:3000 {"timestamp":"2024-08-17T06:41:10.566Z"}
info: Connected to the database. {"timestamp":"2024-08-17T06:41:10.697Z"}
info: Server started at http://localhost:3000 {"timestamp":"2024-08-17T06:41:23.738Z"}
info: Connected to the database. {"timestamp":"2024-08-17T06:41:23.843Z"}
info: Server started at http://localhost:3000 {"timestamp":"2024-08-17T06:41:34.783Z"}
info: Connected to the database. {"timestamp":"2024-08-17T06:41:34.910Z"}
info: Server started at http://localhost:3000 {"timestamp":"2024-08-17T06:42:39.083Z"}
info: Connected to the database. {"timestamp":"2024-08-17T06:42:39.204Z"}
info: Server started at http://localhost:3000 {"timestamp":"2024-08-17T06:42:42.435Z"}
info: Connected to the database. {"timestamp":"2024-08-17T06:42:42.559Z"}
info: Server started at http://localhost:3000 {"timestamp":"2024-08-17T06:42:46.858Z"}
info: Connected to the database. {"timestamp":"2024-08-17T06:42:46.981Z"}
info: Server started at http://localhost:3000 {"timestamp":"2024-08-17T06:43:40.503Z"}
info: Connected to the database. {"timestamp":"2024-08-17T06:43:40.630Z"}
info: Server started at http://localhost:3000 {"timestamp":"2024-08-17T06:43:44.003Z"}
info: Connected to the database. {"timestamp":"2024-08-17T06:43:44.122Z"}
info: Server started at http://localhost:3000 {"timestamp":"2024-08-17T06:43:50.017Z"}
info: Connected to the database. {"timestamp":"2024-08-17T06:43:50.124Z"}
info: Connected to the database. {"timestamp":"2024-08-17T06:44:02.037Z"}
info: Connected to the database. {"timestamp":"2024-08-17T06:44:05.625Z"}
info: Connected to the database. {"timestamp":"2024-08-17T06:44:57.769Z"}
info: Connected to the database. {"timestamp":"2024-08-17T06:45:28.103Z"}
info: Connected to the database. {"timestamp":"2024-08-17T06:45:31.909Z"}
info: Connected to the database. {"timestamp":"2024-08-17T06:46:08.206Z"}
info: Connected to the database. {"timestamp":"2024-08-17T06:46:20.241Z"}
info: Connected to the database. {"timestamp":"2024-08-17T06:46:23.975Z"}
info: Connected to the database. {"timestamp":"2024-08-17T06:46:31.847Z"}
info: Connected to the database. {"timestamp":"2024-08-17T06:46:35.666Z"}
info: Connected to the database. {"timestamp":"2024-08-17T06:46:44.117Z"}
info: Connected to the database. {"timestamp":"2024-08-17T06:46:47.880Z"}
info: Connected to the database. {"timestamp":"2024-08-17T06:47:01.980Z"}
info: Connected to the database. {"timestamp":"2024-08-17T06:51:01.087Z"}
info: Connected to the database. {"timestamp":"2024-08-17T06:51:09.592Z"}
info: Connected to the database. {"timestamp":"2024-08-17T06:51:13.298Z"}
info: Connected to the database. {"timestamp":"2024-08-17T06:51:17.440Z"}
info: Connected to the database. {"timestamp":"2024-08-17T06:51:21.197Z"}
info: Connected to the database. {"timestamp":"2024-08-17T06:52:11.410Z"}
info: Connected to the database. {"timestamp":"2024-08-17T06:52:15.148Z"}
info: Connected to the database. {"timestamp":"2024-08-17T06:52:18.746Z"}
info: Connected to the database. {"timestamp":"2024-08-17T06:52:22.464Z"}
info: Connected to the database. {"timestamp":"2024-08-17T06:52:26.128Z"}
info: Connected to the database. {"timestamp":"2024-08-17T06:52:29.780Z"}
info: Connected to the database. {"timestamp":"2024-08-17T06:52:33.683Z"}
info: Connected to the database. {"timestamp":"2024-08-17T06:52:37.276Z"}
info: Connected to the database. {"timestamp":"2024-08-17T06:53:31.136Z"}
info: Connected to the database. {"timestamp":"2024-08-17T06:53:34.927Z"}
info: Connected to the database. {"timestamp":"2024-08-17T06:54:46.268Z"}
info: Connected to the database. {"timestamp":"2024-08-17T06:54:52.244Z"}
info: Connected to the database. {"timestamp":"2024-08-17T06:54:59.276Z"}
info: Connected to the database. {"timestamp":"2024-08-17T06:55:09.597Z"}
info: Connected to the database. {"timestamp":"2024-08-17T06:55:26.199Z"}
info: Connected to the database. {"timestamp":"2024-08-17T06:55:33.094Z"}
info: Connected to the database. {"timestamp":"2024-08-17T06:56:13.786Z"}
info: Connected to the database. {"timestamp":"2024-08-17T06:56:17.453Z"}
info: Connected to the database. {"timestamp":"2024-08-17T06:56:24.191Z"}
info: Connected to the database. {"timestamp":"2024-08-17T06:56:47.327Z"}
info: Connected to the database. {"timestamp":"2024-08-17T06:57:05.302Z"}
info: Connected to the database. {"timestamp":"2024-08-17T06:57:09.159Z"}
info: Server started at http://localhost:3000 {"timestamp":"2024-08-17T06:57:29.541Z"}
info: Connected to the database. {"timestamp":"2024-08-17T06:57:29.784Z"}
info: Server started at http://localhost:3000 {"timestamp":"2024-08-17T06:58:11.207Z"}
info: Connected to the database. {"timestamp":"2024-08-17T06:58:11.327Z"}
info: Server started at http://localhost:3000 {"timestamp":"2024-08-17T06:58:12.942Z"}
info: Connected to the database. {"timestamp":"2024-08-17T06:58:13.085Z"}
info: Server started at http://localhost:3000 {"timestamp":"2024-08-17T06:58:22.208Z"}
info: Connected to the database. {"timestamp":"2024-08-17T06:58:22.323Z"}
info: Server started at http://localhost:3000 {"timestamp":"2024-08-17T06:58:23.815Z"}
info: Connected to the database. {"timestamp":"2024-08-17T06:58:23.929Z"}
info: Connected to the database. {"timestamp":"2024-08-17T06:58:28.191Z"}
info: Server started at http://localhost:3000 {"timestamp":"2024-08-17T06:58:31.773Z"}
info: Connected to the database. {"timestamp":"2024-08-17T06:58:31.893Z"}
info: Server started at http://localhost:3000 {"timestamp":"2024-08-17T06:58:33.034Z"}
info: Connected to the database. {"timestamp":"2024-08-17T06:58:33.147Z"}
info: Server started at http://localhost:3000 {"timestamp":"2024-08-17T06:59:05.668Z"}
info: Connected to the database. {"timestamp":"2024-08-17T06:59:05.778Z"}
info: Server started at http://localhost:3000 {"timestamp":"2024-08-17T07:00:08.756Z"}
info: Connected to the database. {"timestamp":"2024-08-17T07:00:08.979Z"}
info: Server started at http://localhost:3000 {"timestamp":"2024-08-17T07:02:36.904Z"}
info: Connected to the database. {"timestamp":"2024-08-17T07:02:37.148Z"}
info: Server started at http://localhost:3000 {"timestamp":"2024-08-17T07:04:08.574Z"}
info: Connected to the database. {"timestamp":"2024-08-17T07:04:08.699Z"}
error: 
    status - 500 
    message - JsonWebTokenError: invalid signature
    at C:\Users\Vishal\Documents\BridgeLabz\BookStore2\bookStore\node_modules\jsonwebtoken\verify.js:133:19
    at getSecret (C:\Users\Vishal\Documents\BridgeLabz\BookStore2\bookStore\node_modules\jsonwebtoken\verify.js:90:14)
    at Object.module.exports [as verify] (C:\Users\Vishal\Documents\BridgeLabz\BookStore2\bookStore\node_modules\jsonwebtoken\verify.js:94:10)
    at C:\Users\Vishal\Documents\BridgeLabz\BookStore2\bookStore\src\middlewares\auth.middleware.ts:30:41
    at Generator.next (<anonymous>)
    at C:\Users\Vishal\Documents\BridgeLabz\BookStore2\bookStore\src\middlewares\auth.middleware.ts:8:71
    at new Promise (<anonymous>)
    at __awaiter (C:\Users\Vishal\Documents\BridgeLabz\BookStore2\bookStore\src\middlewares\auth.middleware.ts:4:12)
    at userAuth (C:\Users\Vishal\Documents\BridgeLabz\BookStore2\bookStore\src\middlewares\auth.middleware.ts:20:20)
    at Layer.handle [as handle_request] (C:\Users\Vishal\Documents\BridgeLabz\BookStore2\bookStore\node_modules\express\lib\router\layer.js:95:5) 
    url - /books/ 
    method - POST 
    IP - ::1
   {"timestamp":"2024-08-17T07:07:03.202Z"}
info: Server started at http://localhost:3000 {"timestamp":"2024-08-17T07:07:33.813Z"}
info: Connected to the database. {"timestamp":"2024-08-17T07:07:33.935Z"}
info: Connected to the database. {"timestamp":"2024-08-17T07:07:43.092Z"}
info: Server started at http://localhost:3000 {"timestamp":"2024-08-17T07:07:46.721Z"}
info: Connected to the database. {"timestamp":"2024-08-17T07:07:46.945Z"}
info: Server started at http://localhost:3000 {"timestamp":"2024-08-17T07:08:00.072Z"}
info: Connected to the database. {"timestamp":"2024-08-17T07:08:00.298Z"}
info: Server started at http://localhost:3000 {"timestamp":"2024-08-17T07:08:10.797Z"}
info: Connected to the database. {"timestamp":"2024-08-17T07:08:10.907Z"}
error: 
    status - 500 
    message - JsonWebTokenError: invalid signature
    at C:\Users\Vishal\Documents\BridgeLabz\BookStore2\bookStore\node_modules\jsonwebtoken\verify.js:133:19
    at getSecret (C:\Users\Vishal\Documents\BridgeLabz\BookStore2\bookStore\node_modules\jsonwebtoken\verify.js:90:14)
    at Object.module.exports [as verify] (C:\Users\Vishal\Documents\BridgeLabz\BookStore2\bookStore\node_modules\jsonwebtoken\verify.js:94:10)
    at C:\Users\Vishal\Documents\BridgeLabz\BookStore2\bookStore\src\middlewares\auth.middleware.ts:30:41
    at Generator.next (<anonymous>)
    at C:\Users\Vishal\Documents\BridgeLabz\BookStore2\bookStore\src\middlewares\auth.middleware.ts:8:71
    at new Promise (<anonymous>)
    at __awaiter (C:\Users\Vishal\Documents\BridgeLabz\BookStore2\bookStore\src\middlewares\auth.middleware.ts:4:12)
    at userAuth (C:\Users\Vishal\Documents\BridgeLabz\BookStore2\bookStore\src\middlewares\auth.middleware.ts:20:20)
    at Layer.handle [as handle_request] (C:\Users\Vishal\Documents\BridgeLabz\BookStore2\bookStore\node_modules\express\lib\router\layer.js:95:5) 
    url - /books/ 
    method - POST 
    IP - ::1
   {"timestamp":"2024-08-17T07:08:48.579Z"}
error: 
    status - 500 
    message - JsonWebTokenError: invalid signature
    at C:\Users\Vishal\Documents\BridgeLabz\BookStore2\bookStore\node_modules\jsonwebtoken\verify.js:133:19
    at getSecret (C:\Users\Vishal\Documents\BridgeLabz\BookStore2\bookStore\node_modules\jsonwebtoken\verify.js:90:14)
    at Object.module.exports [as verify] (C:\Users\Vishal\Documents\BridgeLabz\BookStore2\bookStore\node_modules\jsonwebtoken\verify.js:94:10)
    at C:\Users\Vishal\Documents\BridgeLabz\BookStore2\bookStore\src\middlewares\auth.middleware.ts:30:41
    at Generator.next (<anonymous>)
    at C:\Users\Vishal\Documents\BridgeLabz\BookStore2\bookStore\src\middlewares\auth.middleware.ts:8:71
    at new Promise (<anonymous>)
    at __awaiter (C:\Users\Vishal\Documents\BridgeLabz\BookStore2\bookStore\src\middlewares\auth.middleware.ts:4:12)
    at userAuth (C:\Users\Vishal\Documents\BridgeLabz\BookStore2\bookStore\src\middlewares\auth.middleware.ts:20:20)
    at Layer.handle [as handle_request] (C:\Users\Vishal\Documents\BridgeLabz\BookStore2\bookStore\node_modules\express\lib\router\layer.js:95:5) 
    url - /books/ 
    method - POST 
    IP - ::1
   {"timestamp":"2024-08-17T07:10:48.120Z"}
info: Server started at http://localhost:3000 {"timestamp":"2024-08-17T09:11:39.612Z"}
info: Connected to the database. {"timestamp":"2024-08-17T09:11:39.960Z"}
info: Server started at http://localhost:3000 {"timestamp":"2024-08-17T09:13:23.357Z"}
info: Connected to the database. {"timestamp":"2024-08-17T09:13:23.523Z"}
info: Server started at http://localhost:3000 {"timestamp":"2024-08-17T09:13:30.095Z"}
info: Connected to the database. {"timestamp":"2024-08-17T09:13:30.262Z"}
info: Server started at http://localhost:3000 {"timestamp":"2024-08-17T09:13:33.610Z"}
info: Connected to the database. {"timestamp":"2024-08-17T09:13:33.784Z"}
info: Server started at http://localhost:3000 {"timestamp":"2024-08-17T09:14:11.759Z"}
info: Connected to the database. {"timestamp":"2024-08-17T09:14:12.013Z"}
info: Server started at http://localhost:3000 {"timestamp":"2024-08-17T09:14:23.405Z"}
info: Connected to the database. {"timestamp":"2024-08-17T09:14:23.607Z"}
info: Server started at http://localhost:3000 {"timestamp":"2024-08-17T09:14:26.340Z"}
info: Connected to the database. {"timestamp":"2024-08-17T09:14:26.535Z"}
info: Server started at http://localhost:3000 {"timestamp":"2024-08-17T09:14:28.930Z"}
info: Connected to the database. {"timestamp":"2024-08-17T09:14:29.137Z"}
info: Connected to the database. {"timestamp":"2024-08-17T09:14:31.915Z"}
info: Connected to the database. {"timestamp":"2024-08-17T09:14:35.834Z"}
info: Server started at http://localhost:3000 {"timestamp":"2024-08-17T09:14:39.609Z"}
info: Connected to the database. {"timestamp":"2024-08-17T09:14:39.816Z"}
info: Server started at http://localhost:3000 {"timestamp":"2024-08-17T09:14:41.748Z"}
info: Connected to the database. {"timestamp":"2024-08-17T09:14:41.932Z"}
error: 
    status - 500 
    message - ValidationError: "email" is not allowed 
    url - /users/login 
    method - POST 
    IP - ::1
   {"timestamp":"2024-08-17T09:15:42.933Z"}
error: 
    status - 500 
    message - ValidationError: "email" is not allowed 
    url - /users/login 
    method - POST 
    IP - ::1
   {"timestamp":"2024-08-17T09:16:15.812Z"}
error: 
    status - 500 
    message - Error: 
    at Query.run (C:\Users\Vishal\Documents\BridgeLabz\BookStore2\bookStore\node_modules\sequelize\src\dialects\postgres\query.js:76:25)
    at C:\Users\Vishal\Documents\BridgeLabz\BookStore2\bookStore\node_modules\sequelize\src\sequelize.js:650:28
    at processTicksAndRejections (node:internal/process/task_queues:95:5)
    at PostgresQueryInterface.insert (C:\Users\Vishal\Documents\BridgeLabz\BookStore2\bookStore\node_modules\sequelize\src\dialects\abstract\query-interface.js:795:21)
    at User.save (C:\Users\Vishal\Documents\BridgeLabz\BookStore2\bookStore\node_modules\sequelize\src\model.js:4154:35)
    at Function.create (C:\Users\Vishal\Documents\BridgeLabz\BookStore2\bookStore\node_modules\sequelize\src\model.js:2305:12) 
    url - /users/admin 
    method - POST 
    IP - ::1
   {"timestamp":"2024-08-17T09:16:27.829Z"}
error: 
    status - 500 
    message - ValidationError: "email" is not allowed 
    url - /users/login 
    method - POST 
    IP - ::1
   {"timestamp":"2024-08-17T09:16:36.251Z"}
info: Server started at http://localhost:3000 {"timestamp":"2024-08-17T09:17:13.336Z"}
info: Connected to the database. {"timestamp":"2024-08-17T09:17:13.550Z"}
error: 
    status - 500 
    message - ValidationError: "role" is required 
    url - /users/login 
    method - POST 
    IP - ::1
   {"timestamp":"2024-08-17T09:17:17.106Z"}
info: Server started at http://localhost:3000 {"timestamp":"2024-08-17T09:17:25.258Z"}
info: Connected to the database. {"timestamp":"2024-08-17T09:17:25.524Z"}
error: 
    status - 500 
    message - JsonWebTokenError: invalid signature
    at C:\Users\Vishal\Documents\BridgeLabz\BookStore2\bookStore\node_modules\jsonwebtoken\verify.js:133:19
    at getSecret (C:\Users\Vishal\Documents\BridgeLabz\BookStore2\bookStore\node_modules\jsonwebtoken\verify.js:90:14)
    at Object.module.exports [as verify] (C:\Users\Vishal\Documents\BridgeLabz\BookStore2\bookStore\node_modules\jsonwebtoken\verify.js:94:10)
    at C:\Users\Vishal\Documents\BridgeLabz\BookStore2\bookStore\src\middlewares\auth.middleware.ts:30:41
    at Generator.next (<anonymous>)
    at C:\Users\Vishal\Documents\BridgeLabz\BookStore2\bookStore\src\middlewares\auth.middleware.ts:8:71
    at new Promise (<anonymous>)
    at __awaiter (C:\Users\Vishal\Documents\BridgeLabz\BookStore2\bookStore\src\middlewares\auth.middleware.ts:4:12)
    at userAuth (C:\Users\Vishal\Documents\BridgeLabz\BookStore2\bookStore\src\middlewares\auth.middleware.ts:20:20)
    at Layer.handle [as handle_request] (C:\Users\Vishal\Documents\BridgeLabz\BookStore2\bookStore\node_modules\express\lib\router\layer.js:95:5) 
    url - /books/ 
    method - POST 
    IP - ::1
   {"timestamp":"2024-08-17T09:18:00.436Z"}
info: Server started at http://localhost:3000 {"timestamp":"2024-08-17T09:19:06.414Z"}
info: Connected to the database. {"timestamp":"2024-08-17T09:19:06.610Z"}
info: Server started at http://localhost:3000 {"timestamp":"2024-08-17T09:19:08.440Z"}
info: Connected to the database. {"timestamp":"2024-08-17T09:19:08.656Z"}
info: Server started at http://localhost:3000 {"timestamp":"2024-08-17T09:19:10.872Z"}
info: Connected to the database. {"timestamp":"2024-08-17T09:19:11.100Z"}
error: 
    status - 500 
    message - JsonWebTokenError: invalid signature
    at C:\Users\Vishal\Documents\BridgeLabz\BookStore2\bookStore\node_modules\jsonwebtoken\verify.js:133:19
    at getSecret (C:\Users\Vishal\Documents\BridgeLabz\BookStore2\bookStore\node_modules\jsonwebtoken\verify.js:90:14)
    at Object.module.exports [as verify] (C:\Users\Vishal\Documents\BridgeLabz\BookStore2\bookStore\node_modules\jsonwebtoken\verify.js:94:10)
    at C:\Users\Vishal\Documents\BridgeLabz\BookStore2\bookStore\src\middlewares\auth.middleware.ts:32:41
    at Generator.next (<anonymous>)
    at C:\Users\Vishal\Documents\BridgeLabz\BookStore2\bookStore\src\middlewares\auth.middleware.ts:8:71
    at new Promise (<anonymous>)
    at __awaiter (C:\Users\Vishal\Documents\BridgeLabz\BookStore2\bookStore\src\middlewares\auth.middleware.ts:4:12)
    at userAuth (C:\Users\Vishal\Documents\BridgeLabz\BookStore2\bookStore\src\middlewares\auth.middleware.ts:20:20)
    at Layer.handle [as handle_request] (C:\Users\Vishal\Documents\BridgeLabz\BookStore2\bookStore\node_modules\express\lib\router\layer.js:95:5) 
    url - /books/ 
    method - POST 
    IP - ::1
   {"timestamp":"2024-08-17T09:19:11.131Z"}
error: 
    status - 500 
    message - JsonWebTokenError: invalid signature
    at C:\Users\Vishal\Documents\BridgeLabz\BookStore2\bookStore\node_modules\jsonwebtoken\verify.js:133:19
    at getSecret (C:\Users\Vishal\Documents\BridgeLabz\BookStore2\bookStore\node_modules\jsonwebtoken\verify.js:90:14)
    at Object.module.exports [as verify] (C:\Users\Vishal\Documents\BridgeLabz\BookStore2\bookStore\node_modules\jsonwebtoken\verify.js:94:10)
    at C:\Users\Vishal\Documents\BridgeLabz\BookStore2\bookStore\src\middlewares\auth.middleware.ts:32:41
    at Generator.next (<anonymous>)
    at C:\Users\Vishal\Documents\BridgeLabz\BookStore2\bookStore\src\middlewares\auth.middleware.ts:8:71
    at new Promise (<anonymous>)
    at __awaiter (C:\Users\Vishal\Documents\BridgeLabz\BookStore2\bookStore\src\middlewares\auth.middleware.ts:4:12)
    at userAuth (C:\Users\Vishal\Documents\BridgeLabz\BookStore2\bookStore\src\middlewares\auth.middleware.ts:20:20)
    at Layer.handle [as handle_request] (C:\Users\Vishal\Documents\BridgeLabz\BookStore2\bookStore\node_modules\express\lib\router\layer.js:95:5) 
    url - /books/ 
    method - POST 
    IP - ::1
   {"timestamp":"2024-08-17T09:19:59.502Z"}
error: 
    status - 500 
    message - JsonWebTokenError: invalid signature
    at C:\Users\Vishal\Documents\BridgeLabz\BookStore2\bookStore\node_modules\jsonwebtoken\verify.js:133:19
    at getSecret (C:\Users\Vishal\Documents\BridgeLabz\BookStore2\bookStore\node_modules\jsonwebtoken\verify.js:90:14)
    at Object.module.exports [as verify] (C:\Users\Vishal\Documents\BridgeLabz\BookStore2\bookStore\node_modules\jsonwebtoken\verify.js:94:10)
    at C:\Users\Vishal\Documents\BridgeLabz\BookStore2\bookStore\src\middlewares\auth.middleware.ts:32:41
    at Generator.next (<anonymous>)
    at C:\Users\Vishal\Documents\BridgeLabz\BookStore2\bookStore\src\middlewares\auth.middleware.ts:8:71
    at new Promise (<anonymous>)
    at __awaiter (C:\Users\Vishal\Documents\BridgeLabz\BookStore2\bookStore\src\middlewares\auth.middleware.ts:4:12)
    at userAuth (C:\Users\Vishal\Documents\BridgeLabz\BookStore2\bookStore\src\middlewares\auth.middleware.ts:20:20)
    at Layer.handle [as handle_request] (C:\Users\Vishal\Documents\BridgeLabz\BookStore2\bookStore\node_modules\express\lib\router\layer.js:95:5) 
    url - /books/ 
    method - POST 
    IP - ::1
   {"timestamp":"2024-08-17T09:21:52.667Z"}
info: Connected to the database. {"timestamp":"2024-08-17T09:23:19.992Z"}
info: Server started at http://localhost:3000 {"timestamp":"2024-08-17T09:23:24.064Z"}
info: Connected to the database. {"timestamp":"2024-08-17T09:23:24.320Z"}
