info: Server started at http://localhost:3000 {"timestamp":"2024-08-18T05:45:30.588Z"}
info: Connected to the database. {"timestamp":"2024-08-18T05:45:30.910Z"}
error: 
    status - 500 
    message - JsonWebTokenError: invalid signature
    at C:\Users\Vishal\Documents\BridgeLabz\BookStore2\bookStore\node_modules\jsonwebtoken\verify.js:133:19
    at getSecret (C:\Users\Vishal\Documents\BridgeLabz\BookStore2\bookStore\node_modules\jsonwebtoken\verify.js:90:14)
    at Object.module.exports [as verify] (C:\Users\Vishal\Documents\BridgeLabz\BookStore2\bookStore\node_modules\jsonwebtoken\verify.js:94:10)
    at C:\Users\Vishal\Documents\BridgeLabz\BookStore2\bookStore\src\middlewares\auth.middleware.ts:32:41
    at Generator.next (<anonymous>)
    at C:\Users\Vishal\Documents\BridgeLabz\BookStore2\bookStore\src\middlewares\auth.middleware.ts:8:71
    at new Promise (<anonymous>)
    at __awaiter (C:\Users\Vishal\Documents\BridgeLabz\BookStore2\bookStore\src\middlewares\auth.middleware.ts:4:12)
    at userAuth (C:\Users\Vishal\Documents\BridgeLabz\BookStore2\bookStore\src\middlewares\auth.middleware.ts:20:20)
    at Layer.handle [as handle_request] (C:\Users\Vishal\Documents\BridgeLabz\BookStore2\bookStore\node_modules\express\lib\router\layer.js:95:5) 
    url - /books/ 
    method - POST 
    IP - ::1
   {"timestamp":"2024-08-18T05:48:49.688Z"}
info: Server started at http://localhost:3000 {"timestamp":"2024-08-18T05:57:33.880Z"}
info: Connected to the database. {"timestamp":"2024-08-18T05:57:34.092Z"}
info: Server started at http://localhost:3000 {"timestamp":"2024-08-18T05:57:35.761Z"}
info: Connected to the database. {"timestamp":"2024-08-18T05:57:35.983Z"}
info: Server started at http://localhost:3000 {"timestamp":"2024-08-18T05:58:04.980Z"}
info: Connected to the database. {"timestamp":"2024-08-18T05:58:05.231Z"}
info: Server started at http://localhost:3000 {"timestamp":"2024-08-18T05:58:09.865Z"}
info: Connected to the database. {"timestamp":"2024-08-18T05:58:10.056Z"}
info: Server started at http://localhost:3000 {"timestamp":"2024-08-18T05:58:20.851Z"}
info: Connected to the database. {"timestamp":"2024-08-18T05:58:21.052Z"}
info: Server started at http://localhost:3000 {"timestamp":"2024-08-18T05:58:23.179Z"}
info: Connected to the database. {"timestamp":"2024-08-18T05:58:23.448Z"}
info: Connected to the database. {"timestamp":"2024-08-18T05:58:34.691Z"}
info: Connected to the database. {"timestamp":"2024-08-18T05:58:39.373Z"}
info: Connected to the database. {"timestamp":"2024-08-18T05:58:57.640Z"}
info: Connected to the database. {"timestamp":"2024-08-18T05:59:02.324Z"}
info: Server started at http://localhost:3000 {"timestamp":"2024-08-18T05:59:06.103Z"}
info: Connected to the database. {"timestamp":"2024-08-18T05:59:06.342Z"}
info: Server started at http://localhost:3000 {"timestamp":"2024-08-18T05:59:13.866Z"}
info: Connected to the database. {"timestamp":"2024-08-18T05:59:14.142Z"}
info: Server started at http://localhost:3000 {"timestamp":"2024-08-18T05:59:16.010Z"}
info: Connected to the database. {"timestamp":"2024-08-18T05:59:16.217Z"}
info: Connected to the database. {"timestamp":"2024-08-18T05:59:44.466Z"}
info: Connected to the database. {"timestamp":"2024-08-18T05:59:54.932Z"}
info: Connected to the database. {"timestamp":"2024-08-18T06:00:02.784Z"}
info: Server started at http://localhost:3000 {"timestamp":"2024-08-18T06:00:14.186Z"}
info: Connected to the database. {"timestamp":"2024-08-18T06:00:14.377Z"}
info: Server started at http://localhost:3000 {"timestamp":"2024-08-18T06:00:18.410Z"}
info: Connected to the database. {"timestamp":"2024-08-18T06:00:18.720Z"}
info: Server started at http://localhost:3000 {"timestamp":"2024-08-18T06:00:26.178Z"}
info: Connected to the database. {"timestamp":"2024-08-18T06:00:26.331Z"}
info: Server started at http://localhost:3000 {"timestamp":"2024-08-18T06:00:39.280Z"}
info: Connected to the database. {"timestamp":"2024-08-18T06:00:39.503Z"}
info: Server started at http://localhost:3000 {"timestamp":"2024-08-18T06:01:00.347Z"}
info: Connected to the database. {"timestamp":"2024-08-18T06:01:00.553Z"}
info: Server started at http://localhost:3000 {"timestamp":"2024-08-18T06:01:02.564Z"}
info: Connected to the database. {"timestamp":"2024-08-18T06:01:02.748Z"}
info: Server started at http://localhost:3000 {"timestamp":"2024-08-18T06:01:04.919Z"}
info: Connected to the database. {"timestamp":"2024-08-18T06:01:05.193Z"}
info: Server started at http://localhost:3000 {"timestamp":"2024-08-18T06:01:09.628Z"}
info: Connected to the database. {"timestamp":"2024-08-18T06:01:09.894Z"}
info: Server started at http://localhost:3000 {"timestamp":"2024-08-18T06:01:13.743Z"}
info: Connected to the database. {"timestamp":"2024-08-18T06:01:13.956Z"}
info: Server started at http://localhost:3000 {"timestamp":"2024-08-18T06:01:18.017Z"}
info: Connected to the database. {"timestamp":"2024-08-18T06:01:18.332Z"}
error: 
      status - 400
      message - Authorization token is required 
      url - /books/ 
      method - GET 
      IP - ::1
     {"timestamp":"2024-08-18T06:02:42.281Z"}
info: Server started at http://localhost:3000 {"timestamp":"2024-08-18T06:06:41.333Z"}
info: Connected to the database. {"timestamp":"2024-08-18T06:06:41.538Z"}
info: Server started at http://localhost:3000 {"timestamp":"2024-08-18T06:07:51.507Z"}
info: Connected to the database. {"timestamp":"2024-08-18T06:07:51.705Z"}
info: Server started at http://localhost:3000 {"timestamp":"2024-08-18T06:07:54.472Z"}
info: Connected to the database. {"timestamp":"2024-08-18T06:07:54.645Z"}
info: Server started at http://localhost:3000 {"timestamp":"2024-08-18T06:08:16.175Z"}
info: Connected to the database. {"timestamp":"2024-08-18T06:08:16.425Z"}
info: Server started at http://localhost:3000 {"timestamp":"2024-08-18T06:08:45.214Z"}
info: Connected to the database. {"timestamp":"2024-08-18T06:08:45.455Z"}
info: Server started at http://localhost:3000 {"timestamp":"2024-08-18T06:08:48.719Z"}
info: Connected to the database. {"timestamp":"2024-08-18T06:08:48.926Z"}
info: Server started at http://localhost:3000 {"timestamp":"2024-08-18T06:16:37.809Z"}
info: Connected to the database. {"timestamp":"2024-08-18T06:16:37.923Z"}
info: Server started at http://localhost:3000 {"timestamp":"2024-08-18T06:16:40.051Z"}
info: Connected to the database. {"timestamp":"2024-08-18T06:16:40.172Z"}
info: Server started at http://localhost:3000 {"timestamp":"2024-08-18T06:16:59.134Z"}
info: Connected to the database. {"timestamp":"2024-08-18T06:16:59.254Z"}
info: Server started at http://localhost:3000 {"timestamp":"2024-08-18T06:17:03.571Z"}
info: Connected to the database. {"timestamp":"2024-08-18T06:17:03.685Z"}
info: Connected to the database. {"timestamp":"2024-08-18T06:17:04.816Z"}
info: Server started at http://localhost:3000 {"timestamp":"2024-08-18T06:17:08.385Z"}
info: Connected to the database. {"timestamp":"2024-08-18T06:17:08.506Z"}
info: Connected to the database. {"timestamp":"2024-08-18T06:17:10.420Z"}
info: Server started at http://localhost:3000 {"timestamp":"2024-08-18T06:17:13.933Z"}
info: Connected to the database. {"timestamp":"2024-08-18T06:17:14.050Z"}
info: Server started at http://localhost:3000 {"timestamp":"2024-08-18T06:17:22.209Z"}
info: Connected to the database. {"timestamp":"2024-08-18T06:17:22.323Z"}
info: Server started at http://localhost:3000 {"timestamp":"2024-08-18T06:17:33.529Z"}
info: Connected to the database. {"timestamp":"2024-08-18T06:17:33.629Z"}
info: Server started at http://localhost:3000 {"timestamp":"2024-08-18T06:17:35.397Z"}
info: Connected to the database. {"timestamp":"2024-08-18T06:17:35.510Z"}
info: Server started at http://localhost:3000 {"timestamp":"2024-08-18T06:17:38.304Z"}
info: Connected to the database. {"timestamp":"2024-08-18T06:17:38.418Z"}
info: Server started at http://localhost:3000 {"timestamp":"2024-08-18T06:17:41.565Z"}
info: Connected to the database. {"timestamp":"2024-08-18T06:17:41.792Z"}
info: Connected to the database. {"timestamp":"2024-08-18T06:17:44.009Z"}
info: Server started at http://localhost:3000 {"timestamp":"2024-08-18T06:17:48.158Z"}
info: Connected to the database. {"timestamp":"2024-08-18T06:17:48.278Z"}
info: Server started at http://localhost:3000 {"timestamp":"2024-08-18T06:17:50.262Z"}
info: Connected to the database. {"timestamp":"2024-08-18T06:17:50.385Z"}
info: Server started at http://localhost:3000 {"timestamp":"2024-08-18T06:17:51.982Z"}
info: Connected to the database. {"timestamp":"2024-08-18T06:17:52.188Z"}
info: Server started at http://localhost:3000 {"timestamp":"2024-08-18T06:18:02.064Z"}
info: Connected to the database. {"timestamp":"2024-08-18T06:18:02.193Z"}
info: Server started at http://localhost:3000 {"timestamp":"2024-08-18T06:18:06.869Z"}
info: Connected to the database. {"timestamp":"2024-08-18T06:18:06.976Z"}
info: Server started at http://localhost:3000 {"timestamp":"2024-08-18T06:18:09.121Z"}
info: Connected to the database. {"timestamp":"2024-08-18T06:18:09.242Z"}
info: Server started at http://localhost:3000 {"timestamp":"2024-08-18T06:18:11.173Z"}
info: Connected to the database. {"timestamp":"2024-08-18T06:18:11.271Z"}
info: Server started at http://localhost:3000 {"timestamp":"2024-08-18T06:18:18.274Z"}
info: Connected to the database. {"timestamp":"2024-08-18T06:18:18.498Z"}
info: Connected to the database. {"timestamp":"2024-08-18T06:18:22.617Z"}
info: Server started at http://localhost:3000 {"timestamp":"2024-08-18T06:18:31.762Z"}
info: Connected to the database. {"timestamp":"2024-08-18T06:18:31.874Z"}
info: Server started at http://localhost:3000 {"timestamp":"2024-08-18T06:18:43.326Z"}
info: Connected to the database. {"timestamp":"2024-08-18T06:18:43.446Z"}
info: Server started at http://localhost:3000 {"timestamp":"2024-08-18T06:18:44.394Z"}
info: Connected to the database. {"timestamp":"2024-08-18T06:18:44.508Z"}
info: Server started at http://localhost:3000 {"timestamp":"2024-08-18T06:18:51.199Z"}
info: Connected to the database. {"timestamp":"2024-08-18T06:18:51.321Z"}
info: Server started at http://localhost:3000 {"timestamp":"2024-08-18T06:18:52.296Z"}
info: Connected to the database. {"timestamp":"2024-08-18T06:18:52.412Z"}
info: Server started at http://localhost:3000 {"timestamp":"2024-08-18T06:18:56.264Z"}
info: Connected to the database. {"timestamp":"2024-08-18T06:18:56.359Z"}
info: Server started at http://localhost:3000 {"timestamp":"2024-08-18T06:18:58.808Z"}
info: Connected to the database. {"timestamp":"2024-08-18T06:18:58.930Z"}
info: Server started at http://localhost:3000 {"timestamp":"2024-08-18T06:24:09.545Z"}
info: Connected to the database. {"timestamp":"2024-08-18T06:24:09.667Z"}
info: Server started at http://localhost:3000 {"timestamp":"2024-08-18T06:24:11.036Z"}
info: Connected to the database. {"timestamp":"2024-08-18T06:24:11.134Z"}
info: Server started at http://localhost:3000 {"timestamp":"2024-08-18T06:24:14.351Z"}
info: Connected to the database. {"timestamp":"2024-08-18T06:24:14.473Z"}
info: Server started at http://localhost:3000 {"timestamp":"2024-08-18T06:24:20.080Z"}
info: Connected to the database. {"timestamp":"2024-08-18T06:24:20.202Z"}
info: Server started at http://localhost:3000 {"timestamp":"2024-08-18T06:24:24.536Z"}
info: Connected to the database. {"timestamp":"2024-08-18T06:24:24.652Z"}
info: Connected to the database. {"timestamp":"2024-08-18T06:24:39.965Z"}
info: Connected to the database. {"timestamp":"2024-08-18T06:24:52.271Z"}
info: Connected to the database. {"timestamp":"2024-08-18T06:25:06.560Z"}
info: Connected to the database. {"timestamp":"2024-08-18T06:25:12.807Z"}
info: Connected to the database. {"timestamp":"2024-08-18T06:25:16.693Z"}
info: Connected to the database. {"timestamp":"2024-08-18T06:25:20.283Z"}
info: Connected to the database. {"timestamp":"2024-08-18T06:25:23.988Z"}
info: Connected to the database. {"timestamp":"2024-08-18T06:25:27.702Z"}
info: Server started at http://localhost:3000 {"timestamp":"2024-08-18T06:25:31.305Z"}
info: Connected to the database. {"timestamp":"2024-08-18T06:25:31.527Z"}
info: Server started at http://localhost:3000 {"timestamp":"2024-08-18T06:25:35.883Z"}
info: Connected to the database. {"timestamp":"2024-08-18T06:25:36.007Z"}
info: Server started at http://localhost:3000 {"timestamp":"2024-08-18T06:26:14.131Z"}
info: Connected to the database. {"timestamp":"2024-08-18T06:26:14.253Z"}
info: Server started at http://localhost:3000 {"timestamp":"2024-08-18T06:26:16.166Z"}
info: Connected to the database. {"timestamp":"2024-08-18T06:26:16.277Z"}
info: Server started at http://localhost:3000 {"timestamp":"2024-08-18T06:26:18.856Z"}
info: Connected to the database. {"timestamp":"2024-08-18T06:26:18.961Z"}
info: Server started at http://localhost:3000 {"timestamp":"2024-08-18T06:26:21.621Z"}
info: Connected to the database. {"timestamp":"2024-08-18T06:26:21.732Z"}
info: Server started at http://localhost:3000 {"timestamp":"2024-08-18T06:26:23.972Z"}
info: Connected to the database. {"timestamp":"2024-08-18T06:26:24.094Z"}
info: Server started at http://localhost:3000 {"timestamp":"2024-08-18T06:27:39.066Z"}
info: Connected to the database. {"timestamp":"2024-08-18T06:27:39.191Z"}
info: Server started at http://localhost:3000 {"timestamp":"2024-08-18T06:27:47.613Z"}
info: Connected to the database. {"timestamp":"2024-08-18T06:27:47.729Z"}
info: Server started at http://localhost:3000 {"timestamp":"2024-08-18T06:28:11.090Z"}
info: Connected to the database. {"timestamp":"2024-08-18T06:28:11.208Z"}
info: Connected to the database. {"timestamp":"2024-08-18T06:29:22.121Z"}
info: Server started at http://localhost:3000 {"timestamp":"2024-08-18T06:29:25.662Z"}
info: Connected to the database. {"timestamp":"2024-08-18T06:29:25.796Z"}
info: Server started at http://localhost:3000 {"timestamp":"2024-08-18T06:42:09.638Z"}
info: Connected to the database. {"timestamp":"2024-08-18T06:42:09.757Z"}
info: Server started at http://localhost:3000 {"timestamp":"2024-08-18T06:42:57.242Z"}
info: Connected to the database. {"timestamp":"2024-08-18T06:42:57.524Z"}
info: Server started at http://localhost:3000 {"timestamp":"2024-08-18T06:43:44.477Z"}
info: Connected to the database. {"timestamp":"2024-08-18T06:43:44.589Z"}
info: Server started at http://localhost:3000 {"timestamp":"2024-08-18T06:43:47.616Z"}
info: Connected to the database. {"timestamp":"2024-08-18T06:43:47.713Z"}
info: Server started at http://localhost:3000 {"timestamp":"2024-08-18T06:43:51.455Z"}
info: Connected to the database. {"timestamp":"2024-08-18T06:43:51.582Z"}
info: Server started at http://localhost:3000 {"timestamp":"2024-08-18T06:44:00.268Z"}
info: Connected to the database. {"timestamp":"2024-08-18T06:44:00.393Z"}
info: Server started at http://localhost:3000 {"timestamp":"2024-08-18T06:44:17.316Z"}
info: Connected to the database. {"timestamp":"2024-08-18T06:44:17.546Z"}
info: Server started at http://localhost:3000 {"timestamp":"2024-08-18T06:44:28.094Z"}
info: Connected to the database. {"timestamp":"2024-08-18T06:44:28.222Z"}
info: Server started at http://localhost:3000 {"timestamp":"2024-08-18T06:44:39.802Z"}
info: Connected to the database. {"timestamp":"2024-08-18T06:44:39.910Z"}
info: Server started at http://localhost:3000 {"timestamp":"2024-08-18T06:44:44.487Z"}
info: Connected to the database. {"timestamp":"2024-08-18T06:44:44.599Z"}
info: Server started at http://localhost:3000 {"timestamp":"2024-08-18T06:44:50.239Z"}
info: Connected to the database. {"timestamp":"2024-08-18T06:44:50.356Z"}
info: Connected to the database. {"timestamp":"2024-08-18T06:44:52.811Z"}
info: Server started at http://localhost:3000 {"timestamp":"2024-08-18T06:44:56.287Z"}
info: Connected to the database. {"timestamp":"2024-08-18T06:44:56.416Z"}
info: Connected to the database. {"timestamp":"2024-08-18T06:44:57.940Z"}
info: Server started at http://localhost:3000 {"timestamp":"2024-08-18T06:45:01.547Z"}
info: Connected to the database. {"timestamp":"2024-08-18T06:45:01.766Z"}
info: Connected to the database. {"timestamp":"2024-08-18T06:46:56.897Z"}
info: Connected to the database. {"timestamp":"2024-08-18T06:47:00.544Z"}
info: Connected to the database. {"timestamp":"2024-08-18T06:47:04.715Z"}
info: Connected to the database. {"timestamp":"2024-08-18T06:47:18.616Z"}
info: Connected to the database. {"timestamp":"2024-08-18T06:47:33.474Z"}
info: Connected to the database. {"timestamp":"2024-08-18T06:47:53.600Z"}
info: Connected to the database. {"timestamp":"2024-08-18T06:48:10.627Z"}
info: Connected to the database. {"timestamp":"2024-08-18T06:48:14.360Z"}
info: Connected to the database. {"timestamp":"2024-08-18T06:48:18.106Z"}
info: Connected to the database. {"timestamp":"2024-08-18T06:48:22.318Z"}
info: Server started at http://localhost:3000 {"timestamp":"2024-08-18T06:48:25.949Z"}
info: Connected to the database. {"timestamp":"2024-08-18T06:48:26.056Z"}
info: Server started at http://localhost:3000 {"timestamp":"2024-08-18T06:48:35.726Z"}
info: Connected to the database. {"timestamp":"2024-08-18T06:48:35.845Z"}
info: Server started at http://localhost:3000 {"timestamp":"2024-08-18T06:48:38.168Z"}
info: Connected to the database. {"timestamp":"2024-08-18T06:48:38.398Z"}
info: Server started at http://localhost:3000 {"timestamp":"2024-08-18T06:48:40.474Z"}
info: Connected to the database. {"timestamp":"2024-08-18T06:48:40.594Z"}
info: Server started at http://localhost:3000 {"timestamp":"2024-08-18T06:48:46.391Z"}
info: Connected to the database. {"timestamp":"2024-08-18T06:48:46.516Z"}
info: Server started at http://localhost:3000 {"timestamp":"2024-08-18T06:48:47.957Z"}
info: Connected to the database. {"timestamp":"2024-08-18T06:48:48.081Z"}
info: Server started at http://localhost:3000 {"timestamp":"2024-08-18T06:50:55.807Z"}
info: Connected to the database. {"timestamp":"2024-08-18T06:50:55.919Z"}
info: Server started at http://localhost:3000 {"timestamp":"2024-08-18T06:51:28.946Z"}
info: Connected to the database. {"timestamp":"2024-08-18T06:51:29.174Z"}
info: Server started at http://localhost:3000 {"timestamp":"2024-08-18T06:51:51.208Z"}
info: Connected to the database. {"timestamp":"2024-08-18T06:51:51.314Z"}
info: Server started at http://localhost:3000 {"timestamp":"2024-08-18T06:52:00.472Z"}
info: Connected to the database. {"timestamp":"2024-08-18T06:52:00.704Z"}
info: Server started at http://localhost:3000 {"timestamp":"2024-08-18T06:52:22.015Z"}
info: Connected to the database. {"timestamp":"2024-08-18T06:52:22.127Z"}
info: Server started at http://localhost:3000 {"timestamp":"2024-08-18T07:06:36.174Z"}
info: Connected to the database. {"timestamp":"2024-08-18T07:06:36.288Z"}
info: Server started at http://localhost:3000 {"timestamp":"2024-08-18T07:06:55.877Z"}
info: Connected to the database. {"timestamp":"2024-08-18T07:06:56.035Z"}
info: Server started at http://localhost:3000 {"timestamp":"2024-08-18T07:07:00.546Z"}
info: Connected to the database. {"timestamp":"2024-08-18T07:07:00.643Z"}
info: Server started at http://localhost:3000 {"timestamp":"2024-08-18T07:16:00.241Z"}
info: Connected to the database. {"timestamp":"2024-08-18T07:16:00.492Z"}
info: Server started at http://localhost:3000 {"timestamp":"2024-08-18T07:22:32.844Z"}
info: Connected to the database. {"timestamp":"2024-08-18T07:22:33.114Z"}
info: Server started at http://localhost:3000 {"timestamp":"2024-08-18T08:04:47.457Z"}
info: Connected to the database. {"timestamp":"2024-08-18T08:04:47.670Z"}
info: Server started at http://localhost:3000 {"timestamp":"2024-08-18T08:26:32.298Z"}
info: Connected to the database. {"timestamp":"2024-08-18T08:26:32.491Z"}
info: Server started at http://localhost:3000 {"timestamp":"2024-08-18T08:48:23.264Z"}
info: Connected to the database. {"timestamp":"2024-08-18T08:48:23.545Z"}
info: Server started at http://localhost:3000 {"timestamp":"2024-08-18T08:53:14.229Z"}
info: Connected to the database. {"timestamp":"2024-08-18T08:53:14.382Z"}
info: Server started at http://localhost:3000 {"timestamp":"2024-08-18T08:54:12.733Z"}
info: Connected to the database. {"timestamp":"2024-08-18T08:54:12.919Z"}
info: Server started at http://localhost:3000 {"timestamp":"2024-08-18T08:54:15.656Z"}
info: Connected to the database. {"timestamp":"2024-08-18T08:54:15.834Z"}
info: Server started at http://localhost:3000 {"timestamp":"2024-08-18T08:54:22.104Z"}
info: Connected to the database. {"timestamp":"2024-08-18T08:54:22.259Z"}
error: 
    status - 500 
    message - SequelizeValidationError: notNull Violation: cart.total cannot be null
    at InstanceValidator._validate (C:\Users\Vishal\Documents\BridgeLabz\BookStore2\bookStore\node_modules\sequelize\src\instance-validator.js:78:13)
    at processTicksAndRejections (node:internal/process/task_queues:95:5)
    at InstanceValidator._validateAndRunHooks (C:\Users\Vishal\Documents\BridgeLabz\BookStore2\bookStore\node_modules\sequelize\src\instance-validator.js:111:7)
    at InstanceValidator.validate (C:\Users\Vishal\Documents\BridgeLabz\BookStore2\bookStore\node_modules\sequelize\src\instance-validator.js:93:12)
    at Cart.save (C:\Users\Vishal\Documents\BridgeLabz\BookStore2\bookStore\node_modules\sequelize\src\model.js:4077:7)
    at Function.create (C:\Users\Vishal\Documents\BridgeLabz\BookStore2\bookStore\node_modules\sequelize\src\model.js:2305:12) 
    url - /cart/addToCart/1/1 
    method - POST 
    IP - ::1
   {"timestamp":"2024-08-18T08:54:30.707Z"}
info: Server started at http://localhost:3000 {"timestamp":"2024-08-18T08:55:17.053Z"}
info: Connected to the database. {"timestamp":"2024-08-18T08:55:19.162Z"}
info: Connected to the database. {"timestamp":"2024-08-18T08:55:23.361Z"}
info: Server started at http://localhost:3000 {"timestamp":"2024-08-18T08:55:27.905Z"}
info: Connected to the database. {"timestamp":"2024-08-18T08:55:28.117Z"}
info: Connected to the database. {"timestamp":"2024-08-18T08:55:36.956Z"}
info: Connected to the database. {"timestamp":"2024-08-18T08:55:44.566Z"}
info: Server started at http://localhost:3000 {"timestamp":"2024-08-18T08:55:48.263Z"}
info: Connected to the database. {"timestamp":"2024-08-18T08:55:48.530Z"}
info: Connected to the database. {"timestamp":"2024-08-18T08:56:04.017Z"}
info: Server started at http://localhost:3000 {"timestamp":"2024-08-18T08:57:58.791Z"}
info: Connected to the database. {"timestamp":"2024-08-18T08:57:59.034Z"}
error: 
    status - 500 
    message - Error: 
    at Query.run (C:\Users\Vishal\Documents\BridgeLabz\BookStore2\bookStore\node_modules\sequelize\src\dialects\postgres\query.js:76:25)
    at C:\Users\Vishal\Documents\BridgeLabz\BookStore2\bookStore\node_modules\sequelize\src\sequelize.js:650:28
    at processTicksAndRejections (node:internal/process/task_queues:95:5)
    at PostgresQueryInterface.insert (C:\Users\Vishal\Documents\BridgeLabz\BookStore2\bookStore\node_modules\sequelize\src\dialects\abstract\query-interface.js:795:21)
    at Cart.save (C:\Users\Vishal\Documents\BridgeLabz\BookStore2\bookStore\node_modules\sequelize\src\model.js:4154:35)
    at Function.create (C:\Users\Vishal\Documents\BridgeLabz\BookStore2\bookStore\node_modules\sequelize\src\model.js:2305:12) 
    url - /cart/addToCart/1/1 
    method - POST 
    IP - ::1
   {"timestamp":"2024-08-18T08:58:05.426Z"}
info: Server started at http://localhost:3000 {"timestamp":"2024-08-18T08:59:30.988Z"}
info: Connected to the database. {"timestamp":"2024-08-18T08:59:31.287Z"}
error: 
    status - 500 
    message - Error: 
    at Query.run (C:\Users\Vishal\Documents\BridgeLabz\BookStore2\bookStore\node_modules\sequelize\src\dialects\postgres\query.js:76:25)
    at C:\Users\Vishal\Documents\BridgeLabz\BookStore2\bookStore\node_modules\sequelize\src\sequelize.js:650:28
    at processTicksAndRejections (node:internal/process/task_queues:95:5)
    at PostgresQueryInterface.insert (C:\Users\Vishal\Documents\BridgeLabz\BookStore2\bookStore\node_modules\sequelize\src\dialects\abstract\query-interface.js:795:21)
    at Cart.save (C:\Users\Vishal\Documents\BridgeLabz\BookStore2\bookStore\node_modules\sequelize\src\model.js:4154:35)
    at Function.create (C:\Users\Vishal\Documents\BridgeLabz\BookStore2\bookStore\node_modules\sequelize\src\model.js:2305:12) 
    url - /cart/addToCart/1/1 
    method - POST 
    IP - ::1
   {"timestamp":"2024-08-18T08:59:45.547Z"}
info: Server started at http://localhost:3000 {"timestamp":"2024-08-18T09:00:02.898Z"}
info: Connected to the database. {"timestamp":"2024-08-18T09:00:03.194Z"}
info: Server started at http://localhost:3000 {"timestamp":"2024-08-18T09:00:07.699Z"}
info: Connected to the database. {"timestamp":"2024-08-18T09:00:07.895Z"}
info: Server started at http://localhost:3000 {"timestamp":"2024-08-18T13:06:38.458Z"}
info: Connected to the database. {"timestamp":"2024-08-18T13:06:38.561Z"}
error: 
      status - 400
      message - Authorization token is required 
      url - /cart/ 
      method - GET 
      IP - ::1
     {"timestamp":"2024-08-18T13:08:39.495Z"}
error: 
    status - 500 
    message - TypeError: this.CartService.getAllBooksFromCart is not a function
    at CartController.<anonymous> (C:\Users\Vishal\Documents\BridgeLabz\BookStore2\bookStore\src\controllers\cart.controller.ts:44:43)
    at Generator.next (<anonymous>)
    at C:\Users\Vishal\Documents\BridgeLabz\BookStore2\bookStore\src\controllers\cart.controller.ts:8:71
    at new Promise (<anonymous>)
    at __awaiter (C:\Users\Vishal\Documents\BridgeLabz\BookStore2\bookStore\src\controllers\cart.controller.ts:4:12)
    at CartController.getAllBooksFromCart (C:\Users\Vishal\Documents\BridgeLabz\BookStore2\bookStore\src\controllers\cart.controller.ts:42:21)
    at Layer.handle [as handle_request] (C:\Users\Vishal\Documents\BridgeLabz\BookStore2\bookStore\node_modules\express\lib\router\layer.js:95:5)
    at next (C:\Users\Vishal\Documents\BridgeLabz\BookStore2\bookStore\node_modules\express\lib\router\route.js:149:13)
    at C:\Users\Vishal\Documents\BridgeLabz\BookStore2\bookStore\src\middlewares\auth.middleware.ts:35:5
    at Generator.next (<anonymous>) 
    url - /cart/ 
    method - GET 
    IP - ::1
   {"timestamp":"2024-08-18T13:08:56.479Z"}
info: Server started at http://localhost:3000 {"timestamp":"2024-08-18T13:09:18.955Z"}
info: Connected to the database. {"timestamp":"2024-08-18T13:09:19.064Z"}
info: Server started at http://localhost:3000 {"timestamp":"2024-08-18T13:10:34.137Z"}
info: Connected to the database. {"timestamp":"2024-08-18T13:10:34.250Z"}
info: Server started at http://localhost:3000 {"timestamp":"2024-08-18T13:10:38.590Z"}
info: Connected to the database. {"timestamp":"2024-08-18T13:10:38.722Z"}
info: Connected to the database. {"timestamp":"2024-08-18T13:10:43.302Z"}
info: Connected to the database. {"timestamp":"2024-08-18T13:10:52.997Z"}
info: Connected to the database. {"timestamp":"2024-08-18T13:11:55.510Z"}
info: Connected to the database. {"timestamp":"2024-08-18T13:11:59.195Z"}
info: Connected to the database. {"timestamp":"2024-08-18T13:12:02.986Z"}
info: Connected to the database. {"timestamp":"2024-08-18T13:12:36.869Z"}
info: Connected to the database. {"timestamp":"2024-08-18T13:12:42.353Z"}
info: Connected to the database. {"timestamp":"2024-08-18T13:13:16.779Z"}
info: Server started at http://localhost:3000 {"timestamp":"2024-08-18T13:13:21.995Z"}
info: Connected to the database. {"timestamp":"2024-08-18T13:13:22.115Z"}
info: Server started at http://localhost:3000 {"timestamp":"2024-08-18T13:13:27.264Z"}
info: Connected to the database. {"timestamp":"2024-08-18T13:13:27.387Z"}
info: Server started at http://localhost:3000 {"timestamp":"2024-08-18T13:13:46.997Z"}
info: Connected to the database. {"timestamp":"2024-08-18T13:13:47.117Z"}
info: Server started at http://localhost:3000 {"timestamp":"2024-08-18T13:14:02.342Z"}
info: Connected to the database. {"timestamp":"2024-08-18T13:14:02.461Z"}
info: Server started at http://localhost:3000 {"timestamp":"2024-08-18T13:14:06.013Z"}
info: Connected to the database. {"timestamp":"2024-08-18T13:14:06.241Z"}
info: Server started at http://localhost:3000 {"timestamp":"2024-08-18T13:14:45.039Z"}
info: Connected to the database. {"timestamp":"2024-08-18T13:14:45.143Z"}
error: 
    status - 500 
    message - Error: WHERE parameter "bookId" has invalid "undefined" value
    at PostgresQueryGenerator.whereItemQuery (C:\Users\Vishal\Documents\BridgeLabz\BookStore2\bookStore\node_modules\sequelize\src\dialects\abstract\query-generator.js:2445:13)
    at C:\Users\Vishal\Documents\BridgeLabz\BookStore2\bookStore\node_modules\sequelize\src\dialects\abstract\query-generator.js:2434:25
    at Array.forEach (<anonymous>)
    at PostgresQueryGenerator.whereItemsQuery (C:\Users\Vishal\Documents\BridgeLabz\BookStore2\bookStore\node_modules\sequelize\src\dialects\abstract\query-generator.js:2432:35)
    at PostgresQueryGenerator.whereQuery (C:\Users\Vishal\Documents\BridgeLabz\BookStore2\bookStore\node_modules\sequelize\src\dialects\abstract\query-generator.js:2405:24)
    at PostgresQueryGenerator.updateQuery (C:\Users\Vishal\Documents\BridgeLabz\BookStore2\bookStore\node_modules\sequelize\src\dialects\abstract\query-generator.js:515:116)
    at PostgresQueryInterface.bulkUpdate (C:\Users\Vishal\Documents\BridgeLabz\BookStore2\bookStore\node_modules\sequelize\src\dialects\abstract\query-interface.js:924:37)
    at Function.update (C:\Users\Vishal\Documents\BridgeLabz\BookStore2\bookStore\node_modules\sequelize\src\model.js:3352:54)
    at processTicksAndRejections (node:internal/process/task_queues:95:5) 
    url - /cart/update/2/5 
    method - PUT 
    IP - ::1
   {"timestamp":"2024-08-18T13:17:03.056Z"}
info: Connected to the database. {"timestamp":"2024-08-18T13:17:36.177Z"}
info: Server started at http://localhost:3000 {"timestamp":"2024-08-18T13:17:39.810Z"}
info: Connected to the database. {"timestamp":"2024-08-18T13:17:39.929Z"}
error: 
    status - 500 
    message - Error: WHERE parameter "bookId" has invalid "undefined" value
    at PostgresQueryGenerator.whereItemQuery (C:\Users\Vishal\Documents\BridgeLabz\BookStore2\bookStore\node_modules\sequelize\src\dialects\abstract\query-generator.js:2445:13)
    at C:\Users\Vishal\Documents\BridgeLabz\BookStore2\bookStore\node_modules\sequelize\src\dialects\abstract\query-generator.js:2434:25
    at Array.forEach (<anonymous>)
    at PostgresQueryGenerator.whereItemsQuery (C:\Users\Vishal\Documents\BridgeLabz\BookStore2\bookStore\node_modules\sequelize\src\dialects\abstract\query-generator.js:2432:35)
    at PostgresQueryGenerator.whereQuery (C:\Users\Vishal\Documents\BridgeLabz\BookStore2\bookStore\node_modules\sequelize\src\dialects\abstract\query-generator.js:2405:24)
    at PostgresQueryGenerator.updateQuery (C:\Users\Vishal\Documents\BridgeLabz\BookStore2\bookStore\node_modules\sequelize\src\dialects\abstract\query-generator.js:515:116)
    at PostgresQueryInterface.bulkUpdate (C:\Users\Vishal\Documents\BridgeLabz\BookStore2\bookStore\node_modules\sequelize\src\dialects\abstract\query-interface.js:924:37)
    at Function.update (C:\Users\Vishal\Documents\BridgeLabz\BookStore2\bookStore\node_modules\sequelize\src\model.js:3352:54)
    at processTicksAndRejections (node:internal/process/task_queues:95:5) 
    url - /cart/update/2/5 
    method - PUT 
    IP - ::1
   {"timestamp":"2024-08-18T13:18:26.257Z"}
info: Server started at http://localhost:3000 {"timestamp":"2024-08-18T13:19:43.322Z"}
info: Connected to the database. {"timestamp":"2024-08-18T13:19:43.435Z"}
info: Server started at http://localhost:3000 {"timestamp":"2024-08-18T13:19:46.534Z"}
info: Connected to the database. {"timestamp":"2024-08-18T13:19:46.646Z"}
info: Server started at http://localhost:3000 {"timestamp":"2024-08-18T13:20:03.977Z"}
info: Connected to the database. {"timestamp":"2024-08-18T13:20:04.105Z"}
info: Server started at http://localhost:3000 {"timestamp":"2024-08-18T13:20:07.410Z"}
info: Connected to the database. {"timestamp":"2024-08-18T13:20:07.546Z"}
info: Server started at http://localhost:3000 {"timestamp":"2024-08-18T13:20:17.054Z"}
info: Connected to the database. {"timestamp":"2024-08-18T13:20:17.179Z"}
info: Connected to the database. {"timestamp":"2024-08-18T13:20:19.570Z"}
info: Connected to the database. {"timestamp":"2024-08-18T13:20:56.205Z"}
info: Connected to the database. {"timestamp":"2024-08-18T13:21:00.167Z"}
info: Connected to the database. {"timestamp":"2024-08-18T13:21:27.146Z"}
info: Connected to the database. {"timestamp":"2024-08-18T13:22:04.203Z"}
info: Server started at http://localhost:3000 {"timestamp":"2024-08-18T13:22:09.514Z"}
info: Connected to the database. {"timestamp":"2024-08-18T13:22:09.634Z"}
info: Server started at http://localhost:3000 {"timestamp":"2024-08-18T13:22:15.942Z"}
info: Connected to the database. {"timestamp":"2024-08-18T13:22:16.176Z"}
info: Connected to the database. {"timestamp":"2024-08-18T13:23:25.696Z"}
info: Connected to the database. {"timestamp":"2024-08-18T13:23:34.182Z"}
info: Connected to the database. {"timestamp":"2024-08-18T13:23:38.069Z"}
info: Connected to the database. {"timestamp":"2024-08-18T13:23:57.376Z"}
info: Connected to the database. {"timestamp":"2024-08-18T13:24:14.748Z"}
info: Connected to the database. {"timestamp":"2024-08-18T13:24:19.836Z"}
info: Server started at http://localhost:3000 {"timestamp":"2024-08-18T13:24:23.273Z"}
info: Connected to the database. {"timestamp":"2024-08-18T13:24:23.385Z"}
info: Server started at http://localhost:3000 {"timestamp":"2024-08-18T13:24:25.576Z"}
info: Connected to the database. {"timestamp":"2024-08-18T13:24:25.790Z"}
info: Server started at http://localhost:3000 {"timestamp":"2024-08-18T13:24:42.276Z"}
info: Connected to the database. {"timestamp":"2024-08-18T13:24:42.410Z"}
info: Server started at http://localhost:3000 {"timestamp":"2024-08-18T13:24:52.134Z"}
info: Connected to the database. {"timestamp":"2024-08-18T13:24:52.245Z"}
info: Server started at http://localhost:3000 {"timestamp":"2024-08-18T13:24:59.048Z"}
info: Connected to the database. {"timestamp":"2024-08-18T13:24:59.268Z"}
info: Server started at http://localhost:3000 {"timestamp":"2024-08-18T13:25:03.633Z"}
info: Connected to the database. {"timestamp":"2024-08-18T13:25:03.812Z"}
info: Server started at http://localhost:3000 {"timestamp":"2024-08-18T13:25:15.419Z"}
info: Connected to the database. {"timestamp":"2024-08-18T13:25:15.536Z"}
info: Server started at http://localhost:3000 {"timestamp":"2024-08-18T13:25:18.741Z"}
info: Connected to the database. {"timestamp":"2024-08-18T13:25:18.973Z"}
info: Server started at http://localhost:3000 {"timestamp":"2024-08-18T13:25:21.119Z"}
info: Connected to the database. {"timestamp":"2024-08-18T13:25:21.233Z"}
info: Server started at http://localhost:3000 {"timestamp":"2024-08-18T13:27:04.524Z"}
info: Connected to the database. {"timestamp":"2024-08-18T13:27:04.635Z"}
info: Server started at http://localhost:3000 {"timestamp":"2024-08-18T13:27:14.567Z"}
info: Connected to the database. {"timestamp":"2024-08-18T13:27:14.801Z"}
info: Server started at http://localhost:3000 {"timestamp":"2024-08-18T13:27:18.301Z"}
info: Connected to the database. {"timestamp":"2024-08-18T13:27:18.414Z"}
info: Server started at http://localhost:3000 {"timestamp":"2024-08-18T13:27:20.597Z"}
info: Connected to the database. {"timestamp":"2024-08-18T13:27:20.715Z"}
info: Server started at http://localhost:3000 {"timestamp":"2024-08-18T13:28:30.864Z"}
info: Connected to the database. {"timestamp":"2024-08-18T13:28:30.984Z"}
info: Server started at http://localhost:3000 {"timestamp":"2024-08-18T13:28:32.105Z"}
info: Connected to the database. {"timestamp":"2024-08-18T13:28:32.227Z"}
info: Server started at http://localhost:3000 {"timestamp":"2024-08-18T13:36:47.453Z"}
info: Connected to the database. {"timestamp":"2024-08-18T13:36:47.578Z"}
info: Server started at http://localhost:3000 {"timestamp":"2024-08-18T13:36:50.012Z"}
info: Connected to the database. {"timestamp":"2024-08-18T13:36:50.137Z"}
info: Server started at http://localhost:3000 {"timestamp":"2024-08-18T13:37:03.632Z"}
info: Connected to the database. {"timestamp":"2024-08-18T13:37:03.763Z"}
info: Server started at http://localhost:3000 {"timestamp":"2024-08-18T13:37:06.833Z"}
info: Connected to the database. {"timestamp":"2024-08-18T13:37:06.963Z"}
info: Server started at http://localhost:3000 {"timestamp":"2024-08-18T13:37:09.195Z"}
info: Connected to the database. {"timestamp":"2024-08-18T13:37:09.330Z"}
info: Server started at http://localhost:3000 {"timestamp":"2024-08-18T13:37:22.527Z"}
info: Connected to the database. {"timestamp":"2024-08-18T13:37:22.684Z"}
info: Server started at http://localhost:3000 {"timestamp":"2024-08-18T13:37:25.755Z"}
info: Connected to the database. {"timestamp":"2024-08-18T13:37:25.887Z"}
info: Server started at http://localhost:3000 {"timestamp":"2024-08-18T13:37:28.569Z"}
info: Connected to the database. {"timestamp":"2024-08-18T13:37:28.690Z"}
info: Server started at http://localhost:3000 {"timestamp":"2024-08-18T13:37:37.354Z"}
info: Connected to the database. {"timestamp":"2024-08-18T13:37:37.474Z"}
info: Server started at http://localhost:3000 {"timestamp":"2024-08-18T13:37:39.134Z"}
info: Connected to the database. {"timestamp":"2024-08-18T13:37:39.257Z"}
info: Server started at http://localhost:3000 {"timestamp":"2024-08-18T13:37:42.782Z"}
info: Connected to the database. {"timestamp":"2024-08-18T13:37:42.883Z"}
info: Server started at http://localhost:3000 {"timestamp":"2024-08-18T13:37:44.223Z"}
info: Connected to the database. {"timestamp":"2024-08-18T13:37:44.340Z"}
info: Server started at http://localhost:3000 {"timestamp":"2024-08-18T13:37:46.443Z"}
info: Connected to the database. {"timestamp":"2024-08-18T13:37:46.550Z"}
info: Server started at http://localhost:3000 {"timestamp":"2024-08-18T13:37:48.247Z"}
info: Connected to the database. {"timestamp":"2024-08-18T13:37:48.354Z"}
